[0805/164634.734:ERROR:process_info.cc(359)] UncheckedAllocate
[0805/164634.785:ERROR:process_info.cc(359)] UncheckedAllocate
[0805/170915.567:ERROR:registration_protocol_win.cc(84)] TransactNamedPipe: The pipe has been ended. (0x6D)
[0805/170916.104:ERROR:crashpad_client_win.cc(131)] crash server failed to launch, self-terminating
[0805/171654.542:ERROR:process_info.cc(359)] UncheckedAllocate
[0805/171811.348:ERROR:process_info.cc(359)] UncheckedAllocate
[0805/172042.897:ERROR:process_info.cc(359)] UncheckedAllocate
[0805/172043.260:ERROR:http_transport_win.cc(276)] WinHttpSendRequest: The operation completed successfully. (0x0)
[0909/152808.807:ERROR:process_info.cc(359)] UncheckedAllocate
[0909/154647.812:ERROR:process_info.cc(359)] UncheckedAllocate
[0909/154647.852:ERROR:process_info.cc(359)] UncheckedAllocate
[0909/154647.817:ERROR:process_info.cc(359)] UncheckedAllocate
[0909/154648.281:ERROR:process_memory_win.cc(73)] ReadMemory at 0x285383938d0 of 72 bytes failed: Only part of a ReadProcessMemory or WriteProcessMemory request was completed. (0x12B)
[0909/154648.284:WARNING:pe_image_annotations_reader.cc(134)] could not read annotations list object in C:\Program Files (x86)\Google\Chrome\Application\76.0.3809.132\chrome_elf.dll
[0909/154648.285:ERROR:process_memory_win.cc(73)] ReadMemory at 0x2853a044070 of 72 bytes failed: Only part of a ReadProcessMemory or WriteProcessMemory request was completed. (0x12B)
[0909/154648.285:WARNING:pe_image_annotations_reader.cc(134)] could not read annotations list object in C:\Program Files (x86)\Google\Chrome\Application\76.0.3809.132\chrome_child.dll
[0909/154648.285:ERROR:process_memory_win.cc(73)] ReadMemory at 0x28539c10000 of 64 bytes failed: Only part of a ReadProcessMemory or WriteProcessMemory request was completed. (0x12B)
[0909/154648.285:WARNING:pe_image_reader.cc(340)] could not read dos header from C:\WINDOWS\System32\combase.dll
[0909/154648.285:ERROR:process_memory_win.cc(73)] ReadMemory at 0x6ff60000 of 64 bytes failed: Only part of a ReadProcessMemory or WriteProcessMemory request was completed. (0x12B)
[0909/154648.285:WARNING:pe_image_reader.cc(340)] could not read dos header from C:\Program Files\Microsoft SQL Server\110\Shared\dbghelp.dll
[0909/154648.288:ERROR:process_memory_win.cc(73)] ReadMemory at 0x285383938d0 of 72 bytes failed: Only part of a ReadProcessMemory or WriteProcessMemory request was completed. (0x12B)
[0909/154648.288:WARNING:pe_image_annotations_reader.cc(134)] could not read annotations list object in C:\Program Files (x86)\Google\Chrome\Application\76.0.3809.132\chrome_elf.dll
[0909/154648.289:ERROR:process_memory_win.cc(73)] ReadMemory at 0x2853a044070 of 72 bytes failed: Only part of a ReadProcessMemory or WriteProcessMemory request was completed. (0x12B)
[0909/154648.289:WARNING:pe_image_annotations_reader.cc(134)] could not read annotations list object in C:\Program Files (x86)\Google\Chrome\Application\76.0.3809.132\chrome_child.dll
[0909/154648.289:ERROR:process_memory_win.cc(73)] ReadMemory at 0x28539c10000 of 64 bytes failed: Only part of a ReadProcessMemory or WriteProcessMemory request was completed. (0x12B)
[0909/154648.289:WARNING:pe_image_reader.cc(340)] could not read dos header from C:\WINDOWS\System32\combase.dll
[0909/154648.290:ERROR:process_memory_win.cc(73)] ReadMemory at 0x6ff60000 of 64 bytes failed: Only part of a ReadProcessMemory or WriteProcessMemory request was completed. (0x12B)
[0909/154648.290:WARNING:pe_image_reader.cc(340)] could not read dos header from C:\Program Files\Microsoft SQL Server\110\Shared\dbghelp.dll
[0909/154648.440:ERROR:process_memory_win.cc(73)] ReadMemory at 0xfbc9df3000 of 53248 bytes failed: Only part of a ReadProcessMemory or WriteProcessMemory request was completed. (0x12B)
[0909/154648.441:ERROR:process_memory_win.cc(73)] ReadMemory at 0xfbc9ffe000 of 8192 bytes failed: Only part of a ReadProcessMemory or WriteProcessMemory request was completed. (0x12B)
[0909/154648.441:ERROR:process_memory_win.cc(73)] ReadMemory at 0xfbca1fe000 of 8192 bytes failed: Only part of a ReadProcessMemory or WriteProcessMemory request was completed. (0x12B)
[0909/154648.441:ERROR:process_memory_win.cc(73)] ReadMemory at 0xfbca3fe000 of 8192 bytes failed: Only part of a ReadProcessMemory or WriteProcessMemory request was completed. (0x12B)
[0909/154648.441:ERROR:process_memory_win.cc(73)] ReadMemory at 0xfbca5fd000 of 12288 bytes failed: Only part of a ReadProcessMemory or WriteProcessMemory request was completed. (0x12B)
[0909/154648.441:ERROR:process_memory_win.cc(73)] ReadMemory at 0xfbca7fb000 of 20480 bytes failed: Only part of a ReadProcessMemory or WriteProcessMemory request was completed. (0x12B)
[0909/154648.442:ERROR:process_memory_win.cc(73)] ReadMemory at 0xfbca9fb000 of 20480 bytes failed: Only part of a ReadProcessMemory or WriteProcessMemory request was completed. (0x12B)
[0909/154648.442:ERROR:process_memory_win.cc(73)] ReadMemory at 0xfbcabfd000 of 12288 bytes failed: Only part of a ReadProcessMemory or WriteProcessMemory request was completed. (0x12B)
[0909/154648.442:ERROR:process_memory_win.cc(73)] ReadMemory at 0xfbcadfd000 of 12288 bytes failed: Only part of a ReadProcessMemory or WriteProcessMemory request was completed. (0x12B)
[0909/154648.443:ERROR:process_memory_win.cc(73)] ReadMemory at 0xfbcaffd000 of 12288 bytes failed: Only part of a ReadProcessMemory or WriteProcessMemory request was completed. (0x12B)
[0909/154648.443:ERROR:process_memory_win.cc(73)] ReadMemory at 0xfbcb1fc000 of 16384 bytes failed: Only part of a ReadProcessMemory or WriteProcessMemory request was completed. (0x12B)
[0909/154648.443:ERROR:process_memory_win.cc(73)] ReadMemory at 0xfbcb3fe000 of 8192 bytes failed: Only part of a ReadProcessMemory or WriteProcessMemory request was completed. (0x12B)
[0909/154648.443:ERROR:process_memory_win.cc(73)] ReadMemory at 0xfbcb5fc000 of 16384 bytes failed: Only part of a ReadProcessMemory or WriteProcessMemory request was completed. (0x12B)
[0909/154648.443:ERROR:process_memory_win.cc(73)] ReadMemory at 0xfbcb7fc000 of 16384 bytes failed: Only part of a ReadProcessMemory or WriteProcessMemory request was completed. (0x12B)
[0909/154648.444:ERROR:process_memory_win.cc(73)] ReadMemory at 0xfbcb9fe000 of 8192 bytes failed: Only part of a ReadProcessMemory or WriteProcessMemory request was completed. (0x12B)
[0909/154648.444:ERROR:process_memory_win.cc(73)] ReadMemory at 0xfbcbbfe000 of 8192 bytes failed: Only part of a ReadProcessMemory or WriteProcessMemory request was completed. (0x12B)
[0909/154648.444:ERROR:process_memory_win.cc(73)] ReadMemory at 0xfbc9aac000 of 852 bytes failed: Only part of a ReadProcessMemory or WriteProcessMemory request was completed. (0x12B)
[0909/154648.444:ERROR:process_memory_win.cc(73)] ReadMemory at 0xfbc9aad000 of 6024 bytes failed: Only part of a ReadProcessMemory or WriteProcessMemory request was completed. (0x12B)
[0909/154648.445:ERROR:process_memory_win.cc(73)] ReadMemory at 0xfbc9aaf000 of 6024 bytes failed: Only part of a ReadProcessMemory or WriteProcessMemory request was completed. (0x12B)
[0909/154648.445:ERROR:process_memory_win.cc(73)] ReadMemory at 0xfbc9ab1000 of 6024 bytes failed: Only part of a ReadProcessMemory or WriteProcessMemory request was completed. (0x12B)
[0909/154648.445:ERROR:process_memory_win.cc(73)] ReadMemory at 0xfbc9ab3000 of 6024 bytes failed: Only part of a ReadProcessMemory or WriteProcessMemory request was completed. (0x12B)
[0909/154648.445:ERROR:process_memory_win.cc(73)] ReadMemory at 0xfbc9ab5000 of 6024 bytes failed: Only part of a ReadProcessMemory or WriteProcessMemory request was completed. (0x12B)
[0909/154648.445:ERROR:process_memory_win.cc(73)] ReadMemory at 0xfbc9ab7000 of 6024 bytes failed: Only part of a ReadProcessMemory or WriteProcessMemory request was completed. (0x12B)
[0909/154648.446:ERROR:process_memory_win.cc(73)] ReadMemory at 0xfbc9ab9000 of 6024 bytes failed: Only part of a ReadProcessMemory or WriteProcessMemory request was completed. (0x12B)
[0909/154648.446:ERROR:process_memory_win.cc(73)] ReadMemory at 0xfbc9abb000 of 6024 bytes failed: Only part of a ReadProcessMemory or WriteProcessMemory request was completed. (0x12B)
[0909/154648.446:ERROR:process_memory_win.cc(73)] ReadMemory at 0xfbc9abd000 of 6024 bytes failed: Only part of a ReadProcessMemory or WriteProcessMemory request was completed. (0x12B)
[0909/154648.446:ERROR:process_memory_win.cc(73)] ReadMemory at 0xfbc9abf000 of 6024 bytes failed: Only part of a ReadProcessMemory or WriteProcessMemory request was completed. (0x12B)
[0909/154648.446:ERROR:process_memory_win.cc(73)] ReadMemory at 0xfbc9ac1000 of 6024 bytes failed: Only part of a ReadProcessMemory or WriteProcessMemory request was completed. (0x12B)
[0909/154648.447:ERROR:process_memory_win.cc(73)] ReadMemory at 0xfbc9ac3000 of 6024 bytes failed: Only part of a ReadProcessMemory or WriteProcessMemory request was completed. (0x12B)
[0909/154648.447:ERROR:process_memory_win.cc(73)] ReadMemory at 0xfbc9ac5000 of 6024 bytes failed: Only part of a ReadProcessMemory or WriteProcessMemory request was completed. (0x12B)
[0909/154648.447:ERROR:process_memory_win.cc(73)] ReadMemory at 0xfbc9ac7000 of 6024 bytes failed: Only part of a ReadProcessMemory or WriteProcessMemory request was completed. (0x12B)
[0909/154648.447:ERROR:process_memory_win.cc(73)] ReadMemory at 0xfbc9ac9000 of 6024 bytes failed: Only part of a ReadProcessMemory or WriteProcessMemory request was completed. (0x12B)
[0909/154648.447:ERROR:process_memory_win.cc(73)] ReadMemory at 0xfbc9acb000 of 6024 bytes failed: Only part of a ReadProcessMemory or WriteProcessMemory request was completed. (0x12B)
[0909/154648.448:ERROR:process_memory_win.cc(73)] ReadMemory at 0x285377b0ab0 of 512 bytes failed: Only part of a ReadProcessMemory or WriteProcessMemory request was completed. (0x12B)
[0909/154648.448:ERROR:process_memory_win.cc(73)] ReadMemory at 0x285377b0fc0 of 7640 bytes failed: Only part of a ReadProcessMemory or WriteProcessMemory request was completed. (0x12B)
[0909/154648.448:ERROR:process_memory_win.cc(73)] ReadMemory at 0x285377b2da0 of 1012 bytes failed: Only part of a ReadProcessMemory or WriteProcessMemory request was completed. (0x12B)
[0909/154648.448:ERROR:process_memory_win.cc(73)] ReadMemory at 0x285377b33b8 of 98 bytes failed: Only part of a ReadProcessMemory or WriteProcessMemory request was completed. (0x12B)
[0909/154648.448:ERROR:process_memory_win.cc(73)] ReadMemory at 0x285377b341c of 118 bytes failed: Only part of a ReadProcessMemory or WriteProcessMemory request was completed. (0x12B)
[0909/154648.449:ERROR:process_memory_win.cc(73)] ReadMemory at 0x285377b3494 of 1270 bytes failed: Only part of a ReadProcessMemory or WriteProcessMemory request was completed. (0x12B)
[0909/154648.449:ERROR:process_memory_win.cc(73)] ReadMemory at 0x285377b398c of 118 bytes failed: Only part of a ReadProcessMemory or WriteProcessMemory request was completed. (0x12B)
[0909/154648.450:ERROR:process_memory_win.cc(73)] ReadMemory at 0x285377b3a04 of 30 bytes failed: Only part of a ReadProcessMemory or WriteProcessMemory request was completed. (0x12B)
[0909/154648.450:ERROR:process_memory_win.cc(73)] ReadMemory at 0x285377b3a30 of 58 bytes failed: Only part of a ReadProcessMemory or WriteProcessMemory request was completed. (0x12B)
[0909/154648.450:ERROR:process_memory_win.cc(73)] ReadMemory at 0x285377b3ba0 of 132 bytes failed: Only part of a ReadProcessMemory or WriteProcessMemory request was completed. (0x12B)
[0909/154648.450:ERROR:process_memory_win.cc(73)] ReadMemory at 0x285377b3d30 of 132 bytes failed: Only part of a ReadProcessMemory or WriteProcessMemory request was completed. (0x12B)
[0909/154648.450:ERROR:process_memory_win.cc(73)] ReadMemory at 0x285377b42f0 of 132 bytes failed: Only part of a ReadProcessMemory or WriteProcessMemory request was completed. (0x12B)
[0909/154648.451:ERROR:process_memory_win.cc(73)] ReadMemory at 0x285377b4480 of 64 bytes failed: Only part of a ReadProcessMemory or WriteProcessMemory request was completed. (0x12B)
[0909/154648.451:ERROR:process_memory_win.cc(73)] ReadMemory at 0x285377b4720 of 132 bytes failed: Only part of a ReadProcessMemory or WriteProcessMemory request was completed. (0x12B)
[0909/154648.451:ERROR:process_memory_win.cc(73)] ReadMemory at 0x285377b48b0 of 64 bytes failed: Only part of a ReadProcessMemory or WriteProcessMemory request was completed. (0x12B)
[0909/154648.451:ERROR:process_memory_win.cc(73)] ReadMemory at 0x285377b4a70 of 132 bytes failed: Only part of a ReadProcessMemory or WriteProcessMemory request was completed. (0x12B)
[0909/154648.451:ERROR:process_memory_win.cc(73)] ReadMemory at 0x285377b4d00 of 132 bytes failed: Only part of a ReadProcessMemory or WriteProcessMemory request was completed. (0x12B)
[0909/154648.452:ERROR:process_memory_win.cc(73)] ReadMemory at 0x285377b4e90 of 68 bytes failed: Only part of a ReadProcessMemory or WriteProcessMemory request was completed. (0x12B)
[0909/154648.452:ERROR:process_memory_win.cc(73)] ReadMemory at 0x285377bbff8 of 512 bytes failed: Only part of a ReadProcessMemory or WriteProcessMemory request was completed. (0x12B)
[0909/154648.452:ERROR:process_memory_win.cc(73)] ReadMemory at 0x28537811a20 of 60 bytes failed: Only part of a ReadProcessMemory or WriteProcessMemory request was completed. (0x12B)
[0909/154648.452:ERROR:process_memory_win.cc(73)] ReadMemory at 0x28537811ac0 of 62 bytes failed: Only part of a ReadProcessMemory or WriteProcessMemory request was completed. (0x12B)
[0909/154648.452:ERROR:process_memory_win.cc(73)] ReadMemory at 0x28537823a80 of 80 bytes failed: Only part of a ReadProcessMemory or WriteProcessMemory request was completed. (0x12B)
[0909/154648.458:ERROR:process_memory_win.cc(73)] ReadMemory at 0x285378271a0 of 154 bytes failed: Only part of a ReadProcessMemory or WriteProcessMemory request was completed. (0x12B)
[0909/154648.458:ERROR:process_memory_win.cc(73)] ReadMemory at 0x285378299b0 of 132 bytes failed: Only part of a ReadProcessMemory or WriteProcessMemory request was completed. (0x12B)
[0909/154648.459:ERROR:process_memory_win.cc(73)] ReadMemory at 0x2853782a640 of 132 bytes failed: Only part of a ReadProcessMemory or WriteProcessMemory request was completed. (0x12B)
[0909/154648.460:ERROR:process_memory_win.cc(73)] ReadMemory at 0x28537830380 of 132 bytes failed: Only part of a ReadProcessMemory or WriteProcessMemory request was completed. (0x12B)
[0909/154648.460:ERROR:process_memory_win.cc(73)] ReadMemory at 0x285378304b0 of 158 bytes failed: Only part of a ReadProcessMemory or WriteProcessMemory request was completed. (0x12B)
[0909/154648.460:ERROR:process_memory_win.cc(73)] ReadMemory at 0x28537830610 of 60 bytes failed: Only part of a ReadProcessMemory or WriteProcessMemory request was completed. (0x12B)
[0909/154648.460:ERROR:process_memory_win.cc(73)] ReadMemory at 0x28537830700 of 66 bytes failed: Only part of a ReadProcessMemory or WriteProcessMemory request was completed. (0x12B)
[0909/154648.460:ERROR:process_memory_win.cc(73)] ReadMemory at 0x285378307f0 of 64 bytes failed: Only part of a ReadProcessMemory or WriteProcessMemory request was completed. (0x12B)
[0909/154648.460:ERROR:process_memory_win.cc(73)] ReadMemory at 0x28537830840 of 60 bytes failed: Only part of a ReadProcessMemory or WriteProcessMemory request was completed. (0x12B)
[0909/154648.460:ERROR:process_memory_win.cc(73)] ReadMemory at 0x28537830a20 of 64 bytes failed: Only part of a ReadProcessMemory or WriteProcessMemory request was completed. (0x12B)
[0909/154648.461:ERROR:process_memory_win.cc(73)] ReadMemory at 0x28537830ca0 of 60 bytes failed: Only part of a ReadProcessMemory or WriteProcessMemory request was completed. (0x12B)
[0909/154648.461:ERROR:process_memory_win.cc(73)] ReadMemory at 0x28537830cf0 of 66 bytes failed: Only part of a ReadProcessMemory or WriteProcessMemory request was completed. (0x12B)
[0909/154648.461:ERROR:process_memory_win.cc(73)] ReadMemory at 0x28537830d90 of 64 bytes failed: Only part of a ReadProcessMemory or WriteProcessMemory request was completed. (0x12B)
[0909/154648.461:ERROR:process_memory_win.cc(73)] ReadMemory at 0x28537830de0 of 60 bytes failed: Only part of a ReadProcessMemory or WriteProcessMemory request was completed. (0x12B)
[0909/154648.461:ERROR:process_memory_win.cc(73)] ReadMemory at 0x28537830e30 of 62 bytes failed: Only part of a ReadProcessMemory or WriteProcessMemory request was completed. (0x12B)
[0909/154648.461:ERROR:process_memory_win.cc(73)] ReadMemory at 0x28537830f20 of 62 bytes failed: Only part of a ReadProcessMemory or WriteProcessMemory request was completed. (0x12B)
[0909/154648.462:ERROR:process_memory_win.cc(73)] ReadMemory at 0x28537830fc0 of 60 bytes failed: Only part of a ReadProcessMemory or WriteProcessMemory request was completed. (0x12B)
[0909/154648.462:ERROR:process_memory_win.cc(73)] ReadMemory at 0x28537831060 of 58 bytes failed: Only part of a ReadProcessMemory or WriteProcessMemory request was completed. (0x12B)
[0909/154648.462:ERROR:process_memory_win.cc(73)] ReadMemory at 0x285378310b0 of 64 bytes failed: Only part of a ReadProcessMemory or WriteProcessMemory request was completed. (0x12B)
[0909/154648.462:ERROR:process_memory_win.cc(73)] ReadMemory at 0x28537831150 of 58 bytes failed: Only part of a ReadProcessMemory or WriteProcessMemory request was completed. (0x12B)
[0909/154648.462:ERROR:process_memory_win.cc(73)] ReadMemory at 0x285378311f0 of 62 bytes failed: Only part of a ReadProcessMemory or WriteProcessMemory request was completed. (0x12B)
[0909/154648.462:ERROR:process_memory_win.cc(73)] ReadMemory at 0x28537831290 of 62 bytes failed: Only part of a ReadProcessMemory or WriteProcessMemory request was completed. (0x12B)
[0909/154648.462:ERROR:process_memory_win.cc(73)] ReadMemory at 0x28537831550 of 512 bytes failed: Only part of a ReadProcessMemory or WriteProcessMemory request was completed. (0x12B)
[0909/154648.462:ERROR:process_memory_win.cc(73)] ReadMemory at 0x28537831970 of 132 bytes failed: Only part of a ReadProcessMemory or WriteProcessMemory request was completed. (0x12B)
[0909/154648.463:ERROR:process_memory_win.cc(73)] ReadMemory at 0x28537831b80 of 132 bytes failed: Only part of a ReadProcessMemory or WriteProcessMemory request was completed. (0x12B)
[0909/154648.463:ERROR:process_memory_win.cc(73)] ReadMemory at 0x28537831df0 of 132 bytes failed: Only part of a ReadProcessMemory or WriteProcessMemory request was completed. (0x12B)
[0909/154648.463:ERROR:process_memory_win.cc(73)] ReadMemory at 0x28537832840 of 132 bytes failed: Only part of a ReadProcessMemory or WriteProcessMemory request was completed. (0x12B)
[0909/154648.463:ERROR:process_memory_win.cc(73)] ReadMemory at 0x28537835240 of 76 bytes failed: Only part of a ReadProcessMemory or WriteProcessMemory request was completed. (0x12B)
[0909/154648.463:ERROR:process_memory_win.cc(73)] ReadMemory at 0x285378362f0 of 132 bytes failed: Only part of a ReadProcessMemory or WriteProcessMemory request was completed. (0x12B)
[0909/154648.463:ERROR:process_memory_win.cc(73)] ReadMemory at 0x28537836420 of 132 bytes failed: Only part of a ReadProcessMemory or WriteProcessMemory request was completed. (0x12B)
[0909/154648.463:ERROR:process_memory_win.cc(73)] ReadMemory at 0x28537836550 of 132 bytes failed: Only part of a ReadProcessMemory or WriteProcessMemory request was completed. (0x12B)
[0909/154648.464:ERROR:process_memory_win.cc(73)] ReadMemory at 0x28537836680 of 132 bytes failed: Only part of a ReadProcessMemory or WriteProcessMemory request was completed. (0x12B)
[0909/154648.464:ERROR:process_memory_win.cc(73)] ReadMemory at 0x285378367b0 of 132 bytes failed: Only part of a ReadProcessMemory or WriteProcessMemory request was completed. (0x12B)
[0909/154648.464:ERROR:process_memory_win.cc(73)] ReadMemory at 0x285378368e0 of 132 bytes failed: Only part of a ReadProcessMemory or WriteProcessMemory request was completed. (0x12B)
[0909/154648.464:ERROR:process_memory_win.cc(73)] ReadMemory at 0x28537836a10 of 132 bytes failed: Only part of a ReadProcessMemory or WriteProcessMemory request was completed. (0x12B)
[0909/154648.464:ERROR:process_memory_win.cc(73)] ReadMemory at 0x28537836b40 of 132 bytes failed: Only part of a ReadProcessMemory or WriteProcessMemory request was completed. (0x12B)
[0909/154648.464:ERROR:process_memory_win.cc(73)] ReadMemory at 0x28537836c70 of 132 bytes failed: Only part of a ReadProcessMemory or WriteProcessMemory request was completed. (0x12B)
[0909/154648.464:ERROR:process_memory_win.cc(73)] ReadMemory at 0x28537836da0 of 132 bytes failed: Only part of a ReadProcessMemory or WriteProcessMemory request was completed. (0x12B)
[0909/154648.465:ERROR:process_memory_win.cc(73)] ReadMemory at 0x28537836ed0 of 132 bytes failed: Only part of a ReadProcessMemory or WriteProcessMemory request was completed. (0x12B)
[0909/154648.465:ERROR:process_memory_win.cc(73)] ReadMemory at 0x28537837000 of 132 bytes failed: Only part of a ReadProcessMemory or WriteProcessMemory request was completed. (0x12B)
[0909/154648.465:ERROR:process_memory_win.cc(73)] ReadMemory at 0x28537837130 of 132 bytes failed: Only part of a ReadProcessMemory or WriteProcessMemory request was completed. (0x12B)
[0909/154648.465:ERROR:process_memory_win.cc(73)] ReadMemory at 0x28537837fb0 of 132 bytes failed: Only part of a ReadProcessMemory or WriteProcessMemory request was completed. (0x12B)
[0909/154648.465:ERROR:process_memory_win.cc(73)] ReadMemory at 0x28537839b20 of 132 bytes failed: Only part of a ReadProcessMemory or WriteProcessMemory request was completed. (0x12B)
[0909/154648.465:ERROR:process_memory_win.cc(73)] ReadMemory at 0x28537839c50 of 132 bytes failed: Only part of a ReadProcessMemory or WriteProcessMemory request was completed. (0x12B)
[0909/154648.466:ERROR:process_memory_win.cc(73)] ReadMemory at 0x28537839ed0 of 132 bytes failed: Only part of a ReadProcessMemory or WriteProcessMemory request was completed. (0x12B)
[0909/154648.466:ERROR:process_memory_win.cc(73)] ReadMemory at 0x2853783ce20 of 54 bytes failed: Only part of a ReadProcessMemory or WriteProcessMemory request was completed. (0x12B)
[0909/154648.467:ERROR:process_memory_win.cc(73)] ReadMemory at 0x2853783e840 of 132 bytes failed: Only part of a ReadProcessMemory or WriteProcessMemory request was completed. (0x12B)
[0909/154648.467:ERROR:process_memory_win.cc(73)] ReadMemory at 0x2853783e970 of 132 bytes failed: Only part of a ReadProcessMemory or WriteProcessMemory request was completed. (0x12B)
[0909/154648.467:ERROR:process_memory_win.cc(73)] ReadMemory at 0x2853783eaa0 of 132 bytes failed: Only part of a ReadProcessMemory or WriteProcessMemory request was completed. (0x12B)
[0909/154648.467:ERROR:process_memory_win.cc(73)] ReadMemory at 0x2853783ebd0 of 132 bytes failed: Only part of a ReadProcessMemory or WriteProcessMemory request was completed. (0x12B)
[0909/154648.467:ERROR:process_memory_win.cc(73)] ReadMemory at 0x2853783ed00 of 132 bytes failed: Only part of a ReadProcessMemory or WriteProcessMemory request was completed. (0x12B)
[0909/154648.467:ERROR:process_memory_win.cc(73)] ReadMemory at 0x2853783ee30 of 132 bytes failed: Only part of a ReadProcessMemory or WriteProcessMemory request was completed. (0x12B)
[0909/154648.468:ERROR:process_memory_win.cc(73)] ReadMemory at 0x2853783ef60 of 132 bytes failed: Only part of a ReadProcessMemory or WriteProcessMemory request was completed. (0x12B)
[0909/154648.468:ERROR:process_memory_win.cc(73)] ReadMemory at 0x2853783f090 of 132 bytes failed: Only part of a ReadProcessMemory or WriteProcessMemory request was completed. (0x12B)
[0909/154648.468:ERROR:process_memory_win.cc(73)] ReadMemory at 0x2853783f1c0 of 132 bytes failed: Only part of a ReadProcessMemory or WriteProcessMemory request was completed. (0x12B)
[0909/154648.468:ERROR:process_memory_win.cc(73)] ReadMemory at 0x2853783f2f0 of 132 bytes failed: Only part of a ReadProcessMemory or WriteProcessMemory request was completed. (0x12B)
[0909/154648.468:ERROR:process_memory_win.cc(73)] ReadMemory at 0x2853783f420 of 132 bytes failed: Only part of a ReadProcessMemory or WriteProcessMemory request was completed. (0x12B)
[0909/154648.468:ERROR:process_memory_win.cc(73)] ReadMemory at 0x2853783f550 of 132 bytes failed: Only part of a ReadProcessMemory or WriteProcessMemory request was completed. (0x12B)
[0909/154648.469:ERROR:process_memory_win.cc(73)] ReadMemory at 0x2853783f680 of 132 bytes failed: Only part of a ReadProcessMemory or WriteProcessMemory request was completed. (0x12B)
[0909/154648.469:ERROR:process_memory_win.cc(73)] ReadMemory at 0x2853783f7b0 of 132 bytes failed: Only part of a ReadProcessMemory or WriteProcessMemory request was completed. (0x12B)
[0909/154648.469:ERROR:process_memory_win.cc(73)] ReadMemory at 0x2853783f8e0 of 132 bytes failed: Only part of a ReadProcessMemory or WriteProcessMemory request was completed. (0x12B)
[0909/154648.469:ERROR:process_memory_win.cc(73)] ReadMemory at 0x2853783fa10 of 132 bytes failed: Only part of a ReadProcessMemory or WriteProcessMemory request was completed. (0x12B)
[0909/154648.469:ERROR:process_memory_win.cc(73)] ReadMemory at 0x2853783fb40 of 132 bytes failed: Only part of a ReadProcessMemory or WriteProcessMemory request was completed. (0x12B)
[0909/154648.469:ERROR:process_memory_win.cc(73)] ReadMemory at 0x2853783fc70 of 132 bytes failed: Only part of a ReadProcessMemory or WriteProcessMemory request was completed. (0x12B)
[0909/154648.470:ERROR:process_memory_win.cc(73)] ReadMemory at 0x2853783fda0 of 132 bytes failed: Only part of a ReadProcessMemory or WriteProcessMemory request was completed. (0x12B)
[0909/154648.470:ERROR:process_memory_win.cc(73)] ReadMemory at 0x2853783fed0 of 132 bytes failed: Only part of a ReadProcessMemory or WriteProcessMemory request was completed. (0x12B)
[0909/154648.470:ERROR:process_memory_win.cc(73)] ReadMemory at 0x28537840000 of 132 bytes failed: Only part of a ReadProcessMemory or WriteProcessMemory request was completed. (0x12B)
[0909/154648.470:ERROR:process_memory_win.cc(73)] ReadMemory at 0x28537840130 of 132 bytes failed: Only part of a ReadProcessMemory or WriteProcessMemory request was completed. (0x12B)
[0909/154648.470:ERROR:process_memory_win.cc(73)] ReadMemory at 0x28537840260 of 132 bytes failed: Only part of a ReadProcessMemory or WriteProcessMemory request was completed. (0x12B)
[0909/154648.470:ERROR:process_memory_win.cc(73)] ReadMemory at 0x28537840390 of 132 bytes failed: Only part of a ReadProcessMemory or WriteProcessMemory request was completed. (0x12B)
[0909/154648.472:ERROR:process_memory_win.cc(73)] ReadMemory at 0x285378404c0 of 132 bytes failed: Only part of a ReadProcessMemory or WriteProcessMemory request was completed. (0x12B)
[0909/154648.472:ERROR:process_memory_win.cc(73)] ReadMemory at 0x285378405f0 of 132 bytes failed: Only part of a ReadProcessMemory or WriteProcessMemory request was completed. (0x12B)
[0909/154648.472:ERROR:process_memory_win.cc(73)] ReadMemory at 0x28537842260 of 62 bytes failed: Only part of a ReadProcessMemory or WriteProcessMemory request was completed. (0x12B)
[0909/154648.473:ERROR:process_memory_win.cc(73)] ReadMemory at 0x285378422b0 of 60 bytes failed: Only part of a ReadProcessMemory or WriteProcessMemory request was completed. (0x12B)
[0909/154648.473:ERROR:process_memory_win.cc(73)] ReadMemory at 0x28537842580 of 64 bytes failed: Only part of a ReadProcessMemory or WriteProcessMemory request was completed. (0x12B)
[0909/154648.473:ERROR:process_memory_win.cc(73)] ReadMemory at 0x285378425d0 of 62 bytes failed: Only part of a ReadProcessMemory or WriteProcessMemory request was completed. (0x12B)
[0909/154648.473:ERROR:process_memory_win.cc(73)] ReadMemory at 0x28537842760 of 62 bytes failed: Only part of a ReadProcessMemory or WriteProcessMemory request was completed. (0x12B)
[0909/154648.473:ERROR:process_memory_win.cc(73)] ReadMemory at 0x28537842990 of 60 bytes failed: Only part of a ReadProcessMemory or WriteProcessMemory request was completed. (0x12B)
[0909/154648.473:ERROR:process_memory_win.cc(73)] ReadMemory at 0x28537842b20 of 62 bytes failed: Only part of a ReadProcessMemory or WriteProcessMemory request was completed. (0x12B)
[0909/154648.474:ERROR:process_memory_win.cc(73)] ReadMemory at 0x28537842c60 of 58 bytes failed: Only part of a ReadProcessMemory or WriteProcessMemory request was completed. (0x12B)
[0909/154648.474:ERROR:process_memory_win.cc(73)] ReadMemory at 0x28537842d00 of 64 bytes failed: Only part of a ReadProcessMemory or WriteProcessMemory request was completed. (0x12B)
[0909/154648.474:ERROR:process_memory_win.cc(73)] ReadMemory at 0x28537842df0 of 64 bytes failed: Only part of a ReadProcessMemory or WriteProcessMemory request was completed. (0x12B)
[0909/154648.474:ERROR:process_memory_win.cc(73)] ReadMemory at 0x28537842ee0 of 60 bytes failed: Only part of a ReadProcessMemory or WriteProcessMemory request was completed. (0x12B)
[0909/154648.474:ERROR:process_memory_win.cc(73)] ReadMemory at 0x28537843020 of 62 bytes failed: Only part of a ReadProcessMemory or WriteProcessMemory request was completed. (0x12B)
[0909/154648.476:ERROR:process_memory_win.cc(73)] ReadMemory at 0x28537843070 of 66 bytes failed: Only part of a ReadProcessMemory or WriteProcessMemory request was completed. (0x12B)
[0909/154648.492:ERROR:process_memory_win.cc(73)] ReadMemory at 0x285378431b0 of 64 bytes failed: Only part of a ReadProcessMemory or WriteProcessMemory request was completed. (0x12B)
[0909/154648.492:ERROR:process_memory_win.cc(73)] ReadMemory at 0x285378444b0 of 120 bytes failed: Only part of a ReadProcessMemory or WriteProcessMemory request was completed. (0x12B)
[0909/154648.493:ERROR:process_memory_win.cc(73)] ReadMemory at 0x28537846c50 of 78 bytes failed: Only part of a ReadProcessMemory or WriteProcessMemory request was completed. (0x12B)
[0909/154648.494:ERROR:process_memory_win.cc(73)] ReadMemory at 0x28537847490 of 72 bytes failed: Only part of a ReadProcessMemory or WriteProcessMemory request was completed. (0x12B)
[0909/154648.494:ERROR:process_memory_win.cc(73)] ReadMemory at 0x285378477f0 of 76 bytes failed: Only part of a ReadProcessMemory or WriteProcessMemory request was completed. (0x12B)
[0909/154648.497:ERROR:process_memory_win.cc(73)] ReadMemory at 0x28537847f30 of 52 bytes failed: Only part of a ReadProcessMemory or WriteProcessMemory request was completed. (0x12B)
[0909/154648.497:ERROR:process_memory_win.cc(73)] ReadMemory at 0x2853784b410 of 60 bytes failed: Only part of a ReadProcessMemory or WriteProcessMemory request was completed. (0x12B)
[0909/154648.498:ERROR:process_memory_win.cc(73)] ReadMemory at 0x2853784b5a0 of 62 bytes failed: Only part of a ReadProcessMemory or WriteProcessMemory request was completed. (0x12B)
[0909/154648.498:ERROR:process_memory_win.cc(73)] ReadMemory at 0x2853784b5f0 of 62 bytes failed: Only part of a ReadProcessMemory or WriteProcessMemory request was completed. (0x12B)
[0909/154648.498:ERROR:process_memory_win.cc(73)] ReadMemory at 0x2853784b780 of 64 bytes failed: Only part of a ReadProcessMemory or WriteProcessMemory request was completed. (0x12B)
[0909/154648.501:ERROR:process_memory_win.cc(73)] ReadMemory at 0x28537853be0 of 62 bytes failed: Only part of a ReadProcessMemory or WriteProcessMemory request was completed. (0x12B)
[0909/154648.503:ERROR:process_memory_win.cc(73)] ReadMemory at 0x28537853e10 of 70 bytes failed: Only part of a ReadProcessMemory or WriteProcessMemory request was completed. (0x12B)
[0909/154648.503:ERROR:process_memory_win.cc(73)] ReadMemory at 0x28537854270 of 68 bytes failed: Only part of a ReadProcessMemory or WriteProcessMemory request was completed. (0x12B)
[0909/154648.504:ERROR:process_memory_win.cc(73)] ReadMemory at 0x285378544a0 of 58 bytes failed: Only part of a ReadProcessMemory or WriteProcessMemory request was completed. (0x12B)
[0909/154648.505:ERROR:process_memory_win.cc(73)] ReadMemory at 0x285378544f0 of 62 bytes failed: Only part of a ReadProcessMemory or WriteProcessMemory request was completed. (0x12B)
[0909/154648.505:ERROR:process_memory_win.cc(73)] ReadMemory at 0x285378547c0 of 62 bytes failed: Only part of a ReadProcessMemory or WriteProcessMemory request was completed. (0x12B)
[0909/154648.505:ERROR:process_memory_win.cc(73)] ReadMemory at 0x28537857960 of 64 bytes failed: Only part of a ReadProcessMemory or WriteProcessMemory request was completed. (0x12B)
[0909/154648.505:ERROR:process_memory_win.cc(73)] ReadMemory at 0x28537857be0 of 58 bytes failed: Only part of a ReadProcessMemory or WriteProcessMemory request was completed. (0x12B)
[0909/154648.506:ERROR:process_memory_win.cc(73)] ReadMemory at 0x28537857c30 of 60 bytes failed: Only part of a ReadProcessMemory or WriteProcessMemory request was completed. (0x12B)
[0909/154648.506:ERROR:process_memory_win.cc(73)] ReadMemory at 0x28537857e60 of 60 bytes failed: Only part of a ReadProcessMemory or WriteProcessMemory request was completed. (0x12B)
[0909/154648.506:ERROR:process_memory_win.cc(73)] ReadMemory at 0x28537858680 of 66 bytes failed: Only part of a ReadProcessMemory or WriteProcessMemory request was completed. (0x12B)
[0909/154648.506:ERROR:process_memory_win.cc(73)] ReadMemory at 0x28537860c40 of 146 bytes failed: Only part of a ReadProcessMemory or WriteProcessMemory request was completed. (0x12B)
[0909/154648.507:ERROR:process_memory_win.cc(73)] ReadMemory at 0x28537874fa0 of 132 bytes failed: Only part of a ReadProcessMemory or WriteProcessMemory request was completed. (0x12B)
[0909/154648.507:ERROR:process_memory_win.cc(73)] ReadMemory at 0x285378750d0 of 132 bytes failed: Only part of a ReadProcessMemory or WriteProcessMemory request was completed. (0x12B)
[0909/154648.508:ERROR:process_memory_win.cc(73)] ReadMemory at 0x28537875200 of 132 bytes failed: Only part of a ReadProcessMemory or WriteProcessMemory request was completed. (0x12B)
[0909/154648.508:ERROR:process_memory_win.cc(73)] ReadMemory at 0x28537875330 of 132 bytes failed: Only part of a ReadProcessMemory or WriteProcessMemory request was completed. (0x12B)
[0909/154648.508:ERROR:process_memory_win.cc(73)] ReadMemory at 0x28537875460 of 132 bytes failed: Only part of a ReadProcessMemory or WriteProcessMemory request was completed. (0x12B)
[0909/154648.509:ERROR:process_memory_win.cc(73)] ReadMemory at 0x28537875590 of 132 bytes failed: Only part of a ReadProcessMemory or WriteProcessMemory request was completed. (0x12B)
[0909/154648.509:ERROR:process_memory_win.cc(73)] ReadMemory at 0x285378756c0 of 132 bytes failed: Only part of a ReadProcessMemory or WriteProcessMemory request was completed. (0x12B)
[0909/154648.509:ERROR:process_memory_win.cc(73)] ReadMemory at 0x285378757f0 of 132 bytes failed: Only part of a ReadProcessMemory or WriteProcessMemory request was completed. (0x12B)
[0909/154648.509:ERROR:process_memory_win.cc(73)] ReadMemory at 0x28537875920 of 132 bytes failed: Only part of a ReadProcessMemory or WriteProcessMemory request was completed. (0x12B)
[0909/154648.509:ERROR:process_memory_win.cc(73)] ReadMemory at 0x28537875b80 of 132 bytes failed: Only part of a ReadProcessMemory or WriteProcessMemory request was completed. (0x12B)
[0909/154648.509:ERROR:process_memory_win.cc(73)] ReadMemory at 0x28537875cb0 of 132 bytes failed: Only part of a ReadProcessMemory or WriteProcessMemory request was completed. (0x12B)
[0909/154648.509:ERROR:process_memory_win.cc(73)] ReadMemory at 0x28537875de0 of 132 bytes failed: Only part of a ReadProcessMemory or WriteProcessMemory request was completed. (0x12B)
[0909/154648.510:ERROR:process_memory_win.cc(73)] ReadMemory at 0x28537875f10 of 132 bytes failed: Only part of a ReadProcessMemory or WriteProcessMemory request was completed. (0x12B)
[0909/154648.510:ERROR:process_memory_win.cc(73)] ReadMemory at 0x28537876040 of 132 bytes failed: Only part of a ReadProcessMemory or WriteProcessMemory request was completed. (0x12B)
[0909/154648.510:ERROR:process_memory_win.cc(73)] ReadMemory at 0x28537876170 of 132 bytes failed: Only part of a ReadProcessMemory or WriteProcessMemory request was completed. (0x12B)
[0909/154648.510:ERROR:process_memory_win.cc(73)] ReadMemory at 0x285378762a0 of 132 bytes failed: Only part of a ReadProcessMemory or WriteProcessMemory request was completed. (0x12B)
[0909/154648.510:ERROR:process_memory_win.cc(73)] ReadMemory at 0x285378763d0 of 132 bytes failed: Only part of a ReadProcessMemory or WriteProcessMemory request was completed. (0x12B)
[0909/154648.511:ERROR:process_memory_win.cc(73)] ReadMemory at 0x28537876630 of 132 bytes failed: Only part of a ReadProcessMemory or WriteProcessMemory request was completed. (0x12B)
[0909/154648.511:ERROR:process_memory_win.cc(73)] ReadMemory at 0x285378769c0 of 132 bytes failed: Only part of a ReadProcessMemory or WriteProcessMemory request was completed. (0x12B)
[0909/154648.512:ERROR:process_memory_win.cc(73)] ReadMemory at 0x28537876d50 of 132 bytes failed: Only part of a ReadProcessMemory or WriteProcessMemory request was completed. (0x12B)
[0909/154648.513:ERROR:process_memory_win.cc(73)] ReadMemory at 0x28537877af0 of 56 bytes failed: Only part of a ReadProcessMemory or WriteProcessMemory request was completed. (0x12B)
[0909/154648.513:ERROR:process_memory_win.cc(73)] ReadMemory at 0x285378785e0 of 60 bytes failed: Only part of a ReadProcessMemory or WriteProcessMemory request was completed. (0x12B)
[0909/154648.513:ERROR:process_memory_win.cc(73)] ReadMemory at 0x28537878770 of 58 bytes failed: Only part of a ReadProcessMemory or WriteProcessMemory request was completed. (0x12B)
[0909/154648.513:ERROR:process_memory_win.cc(73)] ReadMemory at 0x28537878810 of 58 bytes failed: Only part of a ReadProcessMemory or WriteProcessMemory request was completed. (0x12B)
[0909/154648.513:ERROR:process_memory_win.cc(73)] ReadMemory at 0x28537879030 of 62 bytes failed: Only part of a ReadProcessMemory or WriteProcessMemory request was completed. (0x12B)
[0909/154648.514:ERROR:process_memory_win.cc(73)] ReadMemory at 0x28537879120 of 64 bytes failed: Only part of a ReadProcessMemory or WriteProcessMemory request was completed. (0x12B)
[0909/154648.514:ERROR:process_memory_win.cc(73)] ReadMemory at 0x28537879260 of 64 bytes failed: Only part of a ReadProcessMemory or WriteProcessMemory request was completed. (0x12B)
[0909/154648.514:ERROR:process_memory_win.cc(73)] ReadMemory at 0x28537879440 of 64 bytes failed: Only part of a ReadProcessMemory or WriteProcessMemory request was completed. (0x12B)
[0909/154648.514:ERROR:process_memory_win.cc(73)] ReadMemory at 0x285378798e0 of 152 bytes failed: Only part of a ReadProcessMemory or WriteProcessMemory request was completed. (0x12B)
[0909/154648.514:ERROR:process_memory_win.cc(73)] ReadMemory at 0x285378799c0 of 126 bytes failed: Only part of a ReadProcessMemory or WriteProcessMemory request was completed. (0x12B)
[0909/154648.514:ERROR:process_memory_win.cc(73)] ReadMemory at 0x28539f40000 of 384 bytes failed: Only part of a ReadProcessMemory or WriteProcessMemory request was completed. (0x12B)
[0909/154648.514:ERROR:process_memory_win.cc(73)] ReadMemory at 0x28539f6a7b0 of 512 bytes failed: Only part of a ReadProcessMemory or WriteProcessMemory request was completed. (0x12B)
[0909/154648.514:ERROR:process_memory_win.cc(73)] ReadMemory at 0x28539f91640 of 512 bytes failed: Only part of a ReadProcessMemory or WriteProcessMemory request was completed. (0x12B)
[0909/154648.515:ERROR:process_memory_win.cc(73)] ReadMemory at 0x28539f930b0 of 512 bytes failed: Only part of a ReadProcessMemory or WriteProcessMemory request was completed. (0x12B)
[0909/154648.515:ERROR:process_memory_win.cc(73)] ReadMemory at 0x28539f943c0 of 512 bytes failed: Only part of a ReadProcessMemory or WriteProcessMemory request was completed. (0x12B)
[0909/154648.515:ERROR:process_memory_win.cc(73)] ReadMemory at 0x28539fc2b18 of 512 bytes failed: Only part of a ReadProcessMemory or WriteProcessMemory request was completed. (0x12B)
[0909/154648.515:ERROR:process_memory_win.cc(73)] ReadMemory at 0x2853a015cf8 of 512 bytes failed: Only part of a ReadProcessMemory or WriteProcessMemory request was completed. (0x12B)
[0909/154648.515:ERROR:process_memory_win.cc(73)] ReadMemory at 0x2853a030c38 of 512 bytes failed: Only part of a ReadProcessMemory or WriteProcessMemory request was completed. (0x12B)
[0909/154648.515:ERROR:process_memory_win.cc(73)] ReadMemory at 0x2853a040000 of 384 bytes failed: Only part of a ReadProcessMemory or WriteProcessMemory request was completed. (0x12B)
[0909/154648.516:ERROR:process_memory_win.cc(73)] ReadMemory at 0x2853afadf78 of 552 bytes failed: Only part of a ReadProcessMemory or WriteProcessMemory request was completed. (0x12B)
[0909/154648.516:ERROR:process_memory_win.cc(73)] ReadMemory at 0x2853b0affe0 of 68 bytes failed: Only part of a ReadProcessMemory or WriteProcessMemory request was completed. (0x12B)
[0909/154648.517:ERROR:process_memory_win.cc(73)] ReadMemory at 0x2853b0b0a30 of 64 bytes failed: Only part of a ReadProcessMemory or WriteProcessMemory request was completed. (0x12B)
[0909/154648.517:ERROR:process_memory_win.cc(73)] ReadMemory at 0x2853b0b0e90 of 62 bytes failed: Only part of a ReadProcessMemory or WriteProcessMemory request was completed. (0x12B)
[0909/154648.517:ERROR:process_memory_win.cc(73)] ReadMemory at 0x2853b0d79a0 of 512 bytes failed: Only part of a ReadProcessMemory or WriteProcessMemory request was completed. (0x12B)
[0909/154648.517:ERROR:process_memory_win.cc(73)] ReadMemory at 0x2853b0eacc0 of 512 bytes failed: Only part of a ReadProcessMemory or WriteProcessMemory request was completed. (0x12B)
[0909/154648.517:ERROR:process_memory_win.cc(73)] ReadMemory at 0x2853b0fae80 of 512 bytes failed: Only part of a ReadProcessMemory or WriteProcessMemory request was completed. (0x12B)
[0909/154648.517:ERROR:process_memory_win.cc(73)] ReadMemory at 0x2853b0fda80 of 512 bytes failed: Only part of a ReadProcessMemory or WriteProcessMemory request was completed. (0x12B)
[0909/154648.517:ERROR:process_memory_win.cc(73)] ReadMemory at 0x2853b112e40 of 512 bytes failed: Only part of a ReadProcessMemory or WriteProcessMemory request was completed. (0x12B)
[0909/154648.518:ERROR:process_memory_win.cc(73)] ReadMemory at 0x2853b1748f0 of 512 bytes failed: Only part of a ReadProcessMemory or WriteProcessMemory request was completed. (0x12B)
[0909/154648.518:ERROR:process_memory_win.cc(73)] ReadMemory at 0x2853be2bf80 of 512 bytes failed: Only part of a ReadProcessMemory or WriteProcessMemory request was completed. (0x12B)
[0909/154648.518:ERROR:process_memory_win.cc(73)] ReadMemory at 0x2853be2cf80 of 512 bytes failed: Only part of a ReadProcessMemory or WriteProcessMemory request was completed. (0x12B)
[0909/154648.522:ERROR:scoped_process_suspend.cc(40)] NtResumeProcess: An attempt was made to access an exiting process. (0xc000010a)
[0909/154648.526:ERROR:file_io_win.cc(161)] CreateFile C:\Users\RAJAT~1.GAR\AppData\Local\Temp\scoped_dir7948_1877106824\Crashpad\settings.dat: The system cannot find the file specified. (0x2)
[0909/154648.538:ERROR:crash_report_database_win.cc(469)] failed to stat report
