#
# There is insufficient memory for the Java Runtime Environment to continue.
# Native memory allocation (malloc) failed to allocate 32744 bytes for ChunkPool::allocate
# Possible reasons:
#   The system is out of physical RAM or swap space
#   In 32 bit mode, the process size limit was hit
# Possible solutions:
#   Reduce memory load on the system
#   Increase physical memory or swap space
#   Check if swap backing store is full
#   Use 64 bit Java on a 64 bit OS
#   Decrease Java heap size (-Xmx/-Xms)
#   Decrease number of Java threads
#   Decrease Java thread stack sizes (-Xss)
#   Set larger code cache with -XX:ReservedCodeCacheSize=
# This output file may be truncated or incomplete.
#
#  Out of Memory Error (allocation.cpp:273), pid=10748, tid=0x0000000000002a4c
#
# JRE version: Java(TM) SE Runtime Environment (8.0_151-b12) (build 1.8.0_151-b12)
# Java VM: Java HotSpot(TM) 64-Bit Server VM (25.151-b12 mixed mode windows-amd64 compressed oops)
# Failed to write core dump. Minidumps are not enabled by default on client versions of Windows
#

---------------  T H R E A D  ---------------

Current thread (0x00000000180b4800):  JavaThread "C1 CompilerThread2" daemon [_thread_in_native, id=10828, stack(0x0000000019f00000,0x000000001a000000)]

Stack: [0x0000000019f00000,0x000000001a000000]
[error occurred during error reporting (printing stack bounds), id 0xc0000005]

Native frames: (J=compiled Java code, j=interpreted, Vv=VM code, C=native code)


Current CompileTask:
C1:  91938 1607       3       java.util.regex.Pattern::closure (477 bytes)


---------------  P R O C E S S  ---------------

Java Threads: ( => current thread )
  0x000000001a98e000 JavaThread "Keep-Alive-Timer" daemon [_thread_blocked, id=13972, stack(0x000000001d5d0000,0x000000001d6d0000)]
  0x000000001a989800 JavaThread "Exec Stream Pumper" daemon [_thread_in_native, id=12584, stack(0x000000001d4d0000,0x000000001d5d0000)]
  0x000000001b091800 JavaThread "Exec Stream Pumper" daemon [_thread_in_native, id=12212, stack(0x000000001d3d0000,0x000000001d4d0000)]
  0x000000001b090800 JavaThread "Exec Default Executor" daemon [_thread_in_native, id=13780, stack(0x000000001d2d0000,0x000000001d3d0000)]
  0x000000001a699000 JavaThread "Exec Stream Pumper" daemon [_thread_in_native, id=3112, stack(0x000000001d0d0000,0x000000001d1d0000)]
  0x000000001a698000 JavaThread "Exec Stream Pumper" daemon [_thread_in_native, id=15688, stack(0x000000001cfd0000,0x000000001d0d0000)]
  0x000000001b49f000 JavaThread "Exec Default Executor" daemon [_thread_in_native, id=8308, stack(0x000000001ced0000,0x000000001cfd0000)]
  0x000000001b254800 JavaThread "Exec Stream Pumper" daemon [_thread_in_native, id=9316, stack(0x000000001c7d0000,0x000000001c8d0000)]
  0x000000001b254000 JavaThread "Exec Stream Pumper" daemon [_thread_in_native, id=3196, stack(0x000000001c6d0000,0x000000001c7d0000)]
  0x000000001b267000 JavaThread "UrlChecker-2" daemon [_thread_blocked, id=16152, stack(0x000000001c4d0000,0x000000001c5d0000)]
  0x000000001b322800 JavaThread "Exec Default Executor" daemon [_thread_in_native, id=5072, stack(0x000000001c3d0000,0x000000001c4d0000)]
  0x000000001a057000 JavaThread "Service Thread" daemon [_thread_blocked, id=13904, stack(0x000000001a400000,0x000000001a500000)]
=>0x00000000180b4800 JavaThread "C1 CompilerThread2" daemon [_thread_in_native, id=10828, stack(0x0000000019f00000,0x000000001a000000)]
  0x00000000180b4000 JavaThread "C2 CompilerThread1" daemon [_thread_blocked, id=8792, stack(0x0000000019e00000,0x0000000019f00000)]
  0x00000000180b2800 JavaThread "C2 CompilerThread0" daemon [_thread_blocked, id=14212, stack(0x0000000019d00000,0x0000000019e00000)]
  0x000000001809e800 JavaThread "JDWP Command Reader" daemon [_thread_in_native, id=996, stack(0x0000000019c00000,0x0000000019d00000)]
  0x000000001809d800 JavaThread "JDWP Event Helper Thread" daemon [_thread_blocked, id=15940, stack(0x0000000019b00000,0x0000000019c00000)]
  0x000000001808e000 JavaThread "JDWP Transport Listener: dt_socket" daemon [_thread_blocked, id=8844, stack(0x0000000019a00000,0x0000000019b00000)]
  0x0000000018083800 JavaThread "Attach Listener" daemon [_thread_blocked, id=11200, stack(0x00000000195c0000,0x00000000196c0000)]
  0x0000000018082800 JavaThread "Signal Dispatcher" daemon [_thread_blocked, id=16240, stack(0x00000000194c0000,0x00000000195c0000)]
  0x0000000018070000 JavaThread "Finalizer" daemon [_thread_blocked, id=14792, stack(0x00000000192d0000,0x00000000193d0000)]
  0x0000000003477800 JavaThread "Reference Handler" daemon [_thread_blocked, id=7660, stack(0x00000000191d0000,0x00000000192d0000)]
  0x0000000003385000 JavaThread "main" [_thread_in_native, id=4672, stack(0x0000000003280000,0x0000000003380000)]

Other Threads:
  0x0000000018048800 VMThread [stack: 0x00000000190d0000,0x00000000191d0000] [id=14204]
  0x000000001a07e800 WatcherThread [stack: 0x000000001a500000,0x000000001a600000] [id=13624]

VM state:not at safepoint (normal execution)

VM Mutex/Monitor currently owned by a thread: None

Heap:
 PSYoungGen      total 38400K, used 5989K [0x00000000d5600000, 0x00000000d8080000, 0x0000000100000000)
  eden space 33280K, 2% used [0x00000000d5600000,0x00000000d56e0540,0x00000000d7680000)
  from space 5120K, 99% used [0x00000000d7b80000,0x00000000d8078f48,0x00000000d8080000)
  to   space 5120K, 0% used [0x00000000d7680000,0x00000000d7680000,0x00000000d7b80000)
 ParOldGen       total 87552K, used 4969K [0x0000000080200000, 0x0000000085780000, 0x00000000d5600000)
  object space 87552K, 5% used [0x0000000080200000,0x00000000806da5b0,0x0000000085780000)
 Metaspace       used 17043K, capacity 17406K, committed 17792K, reserved 1067008K
  class space    used 2150K, capacity 2309K, committed 2432K, reserved 1048576K

Card table byte_map: [0x0000000012840000,0x0000000012c40000] byte_map_base: 0x000000001243f000

Marking Bits: (ParMarkBitMap*) 0x0000000050ced850
 Begin Bits: [0x00000000132f0000, 0x00000000152e8000)
 End Bits:   [0x00000000152e8000, 0x00000000172e0000)

Polling page: 0x00000000017c0000

CodeCache: size=245760Kb used=5501Kb max_used=5507Kb free=240258Kb
 bounds [0x0000000003480000, 0x00000000039f0000, 0x0000000012480000]
 total_blobs=1992 nmethods=1589 adapters=325
 compilation: enabled

Compilation events (10 events):
Event: 91.917 Thread 0x00000000180b4800 1604       3       java.util.Hashtable::<init> (9 bytes)
Event: 91.917 Thread 0x00000000180b4800 nmethod 1604 0x00000000039de090 code [0x00000000039de220, 0x00000000039de3c8]
Event: 91.921 Thread 0x00000000180b4800 1605       3       java.util.Stack::push (7 bytes)
Event: 91.921 Thread 0x00000000180b4800 nmethod 1605 0x00000000039e1910 code [0x00000000039e1a80, 0x00000000039e1ca8]
Event: 91.921 Thread 0x00000000180b2800 nmethod 1597 0x00000000039e1d50 code [0x00000000039e1ec0, 0x00000000039e2748]
Event: 91.921 Thread 0x00000000180b4800 1606       3       java.util.regex.Pattern::read (33 bytes)
Event: 91.922 Thread 0x00000000180b4800 nmethod 1606 0x00000000039e1390 code [0x00000000039e1500, 0x00000000039e17e8]
Event: 91.922 Thread 0x00000000180b4800 1608       3       java.util.regex.Matcher::replaceAll (59 bytes)
Event: 91.922 Thread 0x00000000180b4800 nmethod 1608 0x00000000039dfd90 code [0x00000000039dffc0, 0x00000000039e0e38]
Event: 91.922 Thread 0x00000000180b4800 1607       3       java.util.regex.Pattern::closure (477 bytes)

GC Heap History (4 events):
Event: 1.967 GC heap before
{Heap before GC invocations=1 (full 0):
 PSYoungGen      total 38400K, used 33280K [0x00000000d5600000, 0x00000000d8080000, 0x0000000100000000)
  eden space 33280K, 100% used [0x00000000d5600000,0x00000000d7680000,0x00000000d7680000)
  from space 5120K, 0% used [0x00000000d7b80000,0x00000000d7b80000,0x00000000d8080000)
  to   space 5120K, 0% used [0x00000000d7680000,0x00000000d7680000,0x00000000d7b80000)
 ParOldGen       total 87552K, used 0K [0x0000000080200000, 0x0000000085780000, 0x00000000d5600000)
  object space 87552K, 0% used [0x0000000080200000,0x0000000080200000,0x0000000085780000)
 Metaspace       used 12206K, capacity 12392K, committed 12544K, reserved 1060864K
  class space    used 1440K, capacity 1518K, committed 1536K, reserved 1048576K
Event: 1.977 GC heap after
Heap after GC invocations=1 (full 0):
 PSYoungGen      total 38400K, used 5088K [0x00000000d5600000, 0x00000000d8080000, 0x0000000100000000)
  eden space 33280K, 0% used [0x00000000d5600000,0x00000000d5600000,0x00000000d7680000)
  from space 5120K, 99% used [0x00000000d7680000,0x00000000d7b782b8,0x00000000d7b80000)
  to   space 5120K, 0% used [0x00000000d7b80000,0x00000000d7b80000,0x00000000d8080000)
 ParOldGen       total 87552K, used 1921K [0x0000000080200000, 0x0000000085780000, 0x00000000d5600000)
  object space 87552K, 2% used [0x0000000080200000,0x00000000803e0778,0x0000000085780000)
 Metaspace       used 12206K, capacity 12392K, committed 12544K, reserved 1060864K
  class space    used 1440K, capacity 1518K, committed 1536K, reserved 1048576K
}
Event: 91.884 GC heap before
{Heap before GC invocations=2 (full 0):
 PSYoungGen      total 38400K, used 38339K [0x00000000d5600000, 0x00000000d8080000, 0x0000000100000000)
  eden space 33280K, 99% used [0x00000000d5600000,0x00000000d7678a10,0x00000000d7680000)
  from space 5120K, 99% used [0x00000000d7680000,0x00000000d7b782b8,0x00000000d7b80000)
  to   space 5120K, 0% used [0x00000000d7b80000,0x00000000d7b80000,0x00000000d8080000)
 ParOldGen       total 87552K, used 1921K [0x0000000080200000, 0x0000000085780000, 0x00000000d5600000)
  object space 87552K, 2% used [0x0000000080200000,0x00000000803e0778,0x0000000085780000)
 Metaspace       used 17026K, capacity 17406K, committed 17792K, reserved 1067008K
  class space    used 2148K, capacity 2309K, committed 2432K, reserved 1048576K
Event: 91.914 GC heap after
Heap after GC invocations=2 (full 0):
 PSYoungGen      total 38400K, used 5091K [0x00000000d5600000, 0x00000000d8080000, 0x0000000100000000)
  eden space 33280K, 0% used [0x00000000d5600000,0x00000000d5600000,0x00000000d7680000)
  from space 5120K, 99% used [0x00000000d7b80000,0x00000000d8078f48,0x00000000d8080000)
  to   space 5120K, 0% used [0x00000000d7680000,0x00000000d7680000,0x00000000d7b80000)
 ParOldGen       total 87552K, used 4969K [0x0000000080200000, 0x0000000085780000, 0x00000000d5600000)
  object space 87552K, 5% used [0x0000000080200000,0x00000000806da5b0,0x0000000085780000)
 Metaspace       used 17026K, capacity 17406K, committed 17792K, reserved 1067008K
  class space    used 2148K, capacity 2309K, committed 2432K, reserved 1048576K
}

Deoptimization events (10 events):
Event: 2.729 Thread 0x0000000003385000 Uncommon trap: reason=range_check action=make_not_entrant pc=0x00000000038f424c method=sun.reflect.generics.parser.SignatureParser.current()C @ 34
Event: 2.732 Thread 0x0000000003385000 Uncommon trap: reason=range_check action=none pc=0x00000000038fa6dc method=sun.reflect.generics.parser.SignatureParser.current()C @ 34
Event: 2.773 Thread 0x0000000003385000 Uncommon trap: reason=class_check action=maybe_recompile pc=0x00000000037d2f94 method=java.util.regex.Pattern$Curly.match(Ljava/util/regex/Matcher;ILjava/lang/CharSequence;)Z @ 19
Event: 2.773 Thread 0x0000000003385000 Uncommon trap: reason=class_check action=maybe_recompile pc=0x00000000037d2f94 method=java.util.regex.Pattern$Curly.match(Ljava/util/regex/Matcher;ILjava/lang/CharSequence;)Z @ 19
Event: 2.776 Thread 0x0000000003385000 Uncommon trap: reason=class_check action=maybe_recompile pc=0x00000000037d2f94 method=java.util.regex.Pattern$Curly.match(Ljava/util/regex/Matcher;ILjava/lang/CharSequence;)Z @ 19
Event: 2.776 Thread 0x0000000003385000 Uncommon trap: reason=class_check action=maybe_recompile pc=0x00000000037d2f94 method=java.util.regex.Pattern$Curly.match(Ljava/util/regex/Matcher;ILjava/lang/CharSequence;)Z @ 19
Event: 91.870 Thread 0x0000000003385000 Uncommon trap: reason=class_check action=maybe_recompile pc=0x000000000399e31c method=java.util.regex.Pattern$Slice.match(Ljava/util/regex/Matcher;ILjava/lang/CharSequence;)Z @ 75
Event: 91.871 Thread 0x0000000003385000 Uncommon trap: reason=class_check action=maybe_recompile pc=0x000000000399e31c method=java.util.regex.Pattern$Slice.match(Ljava/util/regex/Matcher;ILjava/lang/CharSequence;)Z @ 75
Event: 91.871 Thread 0x0000000003385000 Uncommon trap: reason=class_check action=maybe_recompile pc=0x000000000399e31c method=java.util.regex.Pattern$Slice.match(Ljava/util/regex/Matcher;ILjava/lang/CharSequence;)Z @ 75
Event: 91.871 Thread 0x0000000003385000 Uncommon trap: reason=class_check action=maybe_recompile pc=0x000000000399e31c method=java.util.regex.Pattern$Slice.match(Ljava/util/regex/Matcher;ILjava/lang/CharSequence;)Z @ 75

Internal exceptions (10 events):
Event: 56.352 Thread 0x000000001b267000 Exception <a 'java/net/SocketTimeoutException': connect timed out> (0x00000000d5c5ba20) thrown at [C:\re\workspace\8-2-build-windows-amd64-cygwin\jdk8u151\9699\hotspot\src\share\vm\prims\jni.cpp, line 735]
Event: 59.190 Thread 0x0000000003385000 Exception <a 'java/net/SocketTimeoutException': Read timed out> (0x00000000d6fc67a0) thrown at [C:\re\workspace\8-2-build-windows-amd64-cygwin\jdk8u151\9699\hotspot\src\share\vm\prims\jni.cpp, line 735]
Event: 60.349 Thread 0x0000000003385000 Exception <a 'java/net/SocketTimeoutException': Read timed out> (0x00000000d6fdc5c8) thrown at [C:\re\workspace\8-2-build-windows-amd64-cygwin\jdk8u151\9699\hotspot\src\share\vm\prims\jni.cpp, line 735]
Event: 60.360 Thread 0x0000000003385000 Exception <a 'java/net/SocketTimeoutException': Read timed out> (0x00000000d6ff2e60) thrown at [C:\re\workspace\8-2-build-windows-amd64-cygwin\jdk8u151\9699\hotspot\src\share\vm\prims\jni.cpp, line 735]
Event: 60.364 Thread 0x0000000003385000 Exception <a 'java/net/SocketTimeoutException': Read timed out> (0x00000000d700a3c0) thrown at [C:\re\workspace\8-2-build-windows-amd64-cygwin\jdk8u151\9699\hotspot\src\share\vm\prims\jni.cpp, line 735]
Event: 60.369 Thread 0x0000000003385000 Exception <a 'java/net/SocketTimeoutException': Read timed out> (0x00000000d70218b8) thrown at [C:\re\workspace\8-2-build-windows-amd64-cygwin\jdk8u151\9699\hotspot\src\share\vm\prims\jni.cpp, line 735]
Event: 71.325 Thread 0x0000000003385000 Exception <a 'java/lang/NullPointerException'> (0x00000000d7038778) thrown at [C:\re\workspace\8-2-build-windows-amd64-cygwin\jdk8u151\9699\hotspot\src\share\vm\interpreter\linkResolver.cpp, line 1183]
Event: 77.116 Thread 0x0000000003385000 Exception <a 'java/lang/reflect/InvocationTargetException'> (0x00000000d7038980) thrown at [C:\re\workspace\8-2-build-windows-amd64-cygwin\jdk8u151\9699\hotspot\src\share\vm\runtime\reflection.cpp, line 1092]
Event: 90.780 Thread 0x000000001b267000 Exception <a 'java/net/SocketTimeoutException': connect timed out> (0x00000000d5c69fe8) thrown at [C:\re\workspace\8-2-build-windows-amd64-cygwin\jdk8u151\9699\hotspot\src\share\vm\prims\jni.cpp, line 735]
Event: 91.573 Thread 0x0000000003385000 Exception <a 'java/lang/reflect/InvocationTargetException'> (0x00000000d7112048) thrown at [C:\re\workspace\8-2-build-windows-amd64-cygwin\jdk8u151\9699\hotspot\src\share\vm\runtime\reflection.cpp, line 1092]

Events (10 events):
Event: 91.920 Thread 0x0000000003385000 DEOPT PACKING pc=0x00000000035fcc94 sp=0x000000000337df80
Event: 91.920 Thread 0x0000000003385000 DEOPT UNPACKING pc=0x00000000034c747f sp=0x000000000337dda0 mode 1
Event: 91.923 loading class org/testng/reporters/Files
Event: 91.923 loading class org/testng/reporters/Files done
Event: 91.923 Thread 0x0000000003385000 DEOPT PACKING pc=0x0000000003617941 sp=0x000000000337dbf0
Event: 91.923 Thread 0x0000000003385000 DEOPT UNPACKING pc=0x00000000034c747f sp=0x000000000337d940 mode 1
Event: 91.923 Thread 0x0000000003385000 DEOPT PACKING pc=0x00000000035fcefc sp=0x000000000337dc70
Event: 91.923 Thread 0x0000000003385000 DEOPT UNPACKING pc=0x00000000034c747f sp=0x000000000337da90 mode 1
Event: 91.923 Thread 0x0000000003385000 DEOPT PACKING pc=0x00000000035fcc94 sp=0x000000000337de00
Event: 91.923 Thread 0x0000000003385000 DEOPT UNPACKING pc=0x00000000034c747f sp=0x000000000337dc20 mode 1


Dynamic libraries:
0x00007ff7714d0000 - 0x00007ff771507000 	C:\Program Files\Java\jre1.8.0_151\bin\javaw.exe
0x00007ff8d5710000 - 0x00007ff8d58f1000 	C:\WINDOWS\SYSTEM32\ntdll.dll
0x00007ff8d5180000 - 0x00007ff8d5232000 	C:\WINDOWS\System32\KERNEL32.dll
0x00007ff8c9980000 - 0x00007ff8c9ad0000 	C:\Windows\system32\hmpalert.dll
0x00007ff8d1ae0000 - 0x00007ff8d1d53000 	C:\WINDOWS\System32\KERNELBASE.dll
0x00007ff8d3360000 - 0x00007ff8d3401000 	C:\WINDOWS\System32\ADVAPI32.dll
0x00007ff8d5260000 - 0x00007ff8d52fe000 	C:\WINDOWS\System32\msvcrt.dll
0x00007ff8d3480000 - 0x00007ff8d34db000 	C:\WINDOWS\System32\sechost.dll
0x00007ff8d5360000 - 0x00007ff8d5484000 	C:\WINDOWS\System32\RPCRT4.dll
0x00007ff8d4da0000 - 0x00007ff8d4f30000 	C:\WINDOWS\System32\USER32.dll
0x00007ff8d2b80000 - 0x00007ff8d2ba0000 	C:\WINDOWS\System32\win32u.dll
0x00007ff8d56b0000 - 0x00007ff8d56d8000 	C:\WINDOWS\System32\GDI32.dll
0x00007ff8d26c0000 - 0x00007ff8d2852000 	C:\WINDOWS\System32\gdi32full.dll
0x00007ff8d2960000 - 0x00007ff8d29ff000 	C:\WINDOWS\System32\msvcp_win.dll
0x00007ff8d2860000 - 0x00007ff8d295a000 	C:\WINDOWS\System32\ucrtbase.dll
0x00007ff8c29b0000 - 0x00007ff8c2c19000 	C:\WINDOWS\WinSxS\amd64_microsoft.windows.common-controls_6595b64144ccf1df_6.0.17134.523_none_fb409dd930672a56\COMCTL32.dll
0x00007ff8d35c0000 - 0x00007ff8d38e2000 	C:\WINDOWS\System32\combase.dll
0x00007ff8d2b00000 - 0x00007ff8d2b7a000 	C:\WINDOWS\System32\bcryptPrimitives.dll
0x00007ff8d3590000 - 0x00007ff8d35bd000 	C:\WINDOWS\System32\IMM32.DLL
0x00000000522d0000 - 0x0000000052309000 	C:\PROGRA~2\Sophos\SOPHOS~1\SOPHOS~2.DLL
0x00007ff8d3470000 - 0x00007ff8d3478000 	C:\WINDOWS\System32\PSAPI.DLL
0x0000000050330000 - 0x0000000050402000 	C:\Program Files\Java\jre1.8.0_151\bin\msvcr100.dll
0x00000000504d0000 - 0x0000000050d6d000 	C:\Program Files\Java\jre1.8.0_151\bin\server\jvm.dll
0x00007ff8cbb50000 - 0x00007ff8cbb59000 	C:\WINDOWS\SYSTEM32\WSOCK32.dll
0x00007ff8cfa30000 - 0x00007ff8cfa53000 	C:\WINDOWS\SYSTEM32\WINMM.dll
0x00007ff8ccb00000 - 0x00007ff8ccb0a000 	C:\WINDOWS\SYSTEM32\VERSION.dll
0x00007ff8d38f0000 - 0x00007ff8d395c000 	C:\WINDOWS\System32\WS2_32.dll
0x00007ff8cfa00000 - 0x00007ff8cfa2a000 	C:\WINDOWS\SYSTEM32\winmmbase.dll
0x00007ff8d2a00000 - 0x00007ff8d2a49000 	C:\WINDOWS\System32\cfgmgr32.dll
0x0000000051120000 - 0x000000005112f000 	C:\Program Files\Java\jre1.8.0_151\bin\verify.dll
0x00000000504a0000 - 0x00000000504c9000 	C:\Program Files\Java\jre1.8.0_151\bin\java.dll
0x00000000502f0000 - 0x0000000050325000 	C:\Program Files\Java\jre1.8.0_151\bin\jdwp.dll
0x00000000502e0000 - 0x00000000502e8000 	C:\Program Files\Java\jre1.8.0_151\bin\npt.dll
0x0000000051100000 - 0x0000000051116000 	C:\Program Files\Java\jre1.8.0_151\bin\zip.dll
0x00007ff8d3960000 - 0x00007ff8d4da0000 	C:\WINDOWS\System32\SHELL32.dll
0x00007ff8d34e0000 - 0x00007ff8d3589000 	C:\WINDOWS\System32\shcore.dll
0x00007ff8d1d60000 - 0x00007ff8d246d000 	C:\WINDOWS\System32\windows.storage.dll
0x00007ff8d3410000 - 0x00007ff8d3461000 	C:\WINDOWS\System32\shlwapi.dll
0x00007ff8d1ab0000 - 0x00007ff8d1ac1000 	C:\WINDOWS\System32\kernel.appcore.dll
0x00007ff8d1a70000 - 0x00007ff8d1a8f000 	C:\WINDOWS\System32\profapi.dll
0x00007ff8d1a20000 - 0x00007ff8d1a6c000 	C:\WINDOWS\System32\powrprof.dll
0x00007ff8d1ad0000 - 0x00007ff8d1ada000 	C:\WINDOWS\System32\FLTLIB.DLL
0x00000000502d0000 - 0x00000000502d9000 	C:\Program Files\Java\jre1.8.0_151\bin\dt_socket.dll
0x00007ff8c6270000 - 0x00007ff8c6286000 	C:\WINDOWS\system32\napinsp.dll
0x00007ff8c6250000 - 0x00007ff8c626a000 	C:\WINDOWS\system32\pnrpnsp.dll
0x00007ff8ce240000 - 0x00007ff8ce259000 	C:\WINDOWS\system32\NLAapi.dll
0x00007ff8d1250000 - 0x00007ff8d12b6000 	C:\WINDOWS\System32\mswsock.dll
0x00007ff8d1020000 - 0x00007ff8d10de000 	C:\WINDOWS\SYSTEM32\DNSAPI.dll
0x00007ff8d5580000 - 0x00007ff8d5588000 	C:\WINDOWS\System32\NSI.dll
0x00007ff8d0fe0000 - 0x00007ff8d1018000 	C:\WINDOWS\SYSTEM32\IPHLPAPI.DLL
0x00007ff8c6240000 - 0x00007ff8c624e000 	C:\WINDOWS\System32\winrnr.dll
0x00007ff8cdda0000 - 0x00007ff8cde12000 	C:\WINDOWS\System32\fwpuclnt.dll
0x00007ff8d1750000 - 0x00007ff8d1775000 	C:\WINDOWS\SYSTEM32\bcrypt.dll
0x00007ff8cb920000 - 0x00007ff8cb92a000 	C:\Windows\System32\rasadhlp.dll
0x0000000050480000 - 0x000000005049a000 	C:\Program Files\Java\jre1.8.0_151\bin\net.dll
0x00007ff8d17a0000 - 0x00007ff8d17b7000 	C:\WINDOWS\SYSTEM32\CRYPTSP.dll
0x00007ff8d0e40000 - 0x00007ff8d0e73000 	C:\WINDOWS\system32\rsaenh.dll
0x00007ff8d1920000 - 0x00007ff8d1948000 	C:\WINDOWS\SYSTEM32\USERENV.dll
0x00007ff8d13b0000 - 0x00007ff8d13bb000 	C:\WINDOWS\SYSTEM32\CRYPTBASE.dll
0x00007ff8cd900000 - 0x00007ff8cd916000 	C:\WINDOWS\SYSTEM32\dhcpcsvc6.DLL
0x00007ff8cd750000 - 0x00007ff8cd76a000 	C:\WINDOWS\SYSTEM32\dhcpcsvc.DLL
0x0000000050460000 - 0x0000000050471000 	C:\Program Files\Java\jre1.8.0_151\bin\nio.dll
0x0000000050430000 - 0x0000000050454000 	C:\Program Files\Java\jre1.8.0_151\bin\sunec.dll

VM Arguments:
jvm_args: -agentlib:jdwp=transport=dt_socket,suspend=y,address=localhost:57263 -ea -Dfile.encoding=Cp1252 
java_command: org.testng.remote.RemoteTestNG -serport 57261 -d D:\Eclipse\Rajat_20092018\BPOAutomation\test-output C:\Users\RAJAT~1.GAR\AppData\Local\Temp\testng-eclipse-1150466043\testng-customsuite.xml
java_class_path (initial): /D:/Selenium/eclipse-jee-juno-SR2-win32-x86_64 (1)/eclipse/plugins/org.testng.eclipse_6.8.6.20141201_2240/lib/testng.jar;D:\Eclipse\Rajat_20092018\BPOAutomation\target\test-classes;D:\Eclipse\Rajat_20092018\BPOAutomation\target\classes;C:\Users\Rajat.Garg\.m2\repository\org\seleniumhq\selenium\selenium-java\3.5.3\selenium-java-3.5.3.jar;C:\Users\Rajat.Garg\.m2\repository\org\seleniumhq\selenium\selenium-api\3.5.3\selenium-api-3.5.3.jar;C:\Users\Rajat.Garg\.m2\repository\org\seleniumhq\selenium\selenium-chrome-driver\3.5.3\selenium-chrome-driver-3.5.3.jar;C:\Users\Rajat.Garg\.m2\repository\org\seleniumhq\selenium\selenium-edge-driver\3.5.3\selenium-edge-driver-3.5.3.jar;C:\Users\Rajat.Garg\.m2\repository\org\seleniumhq\selenium\selenium-firefox-driver\3.5.3\selenium-firefox-driver-3.5.3.jar;C:\Users\Rajat.Garg\.m2\repository\org\seleniumhq\selenium\selenium-ie-driver\3.5.3\selenium-ie-driver-3.5.3.jar;C:\Users\Rajat.Garg\.m2\repository\org\seleniumhq\selenium\selenium-opera-driver\3.5.3\selenium-opera-driver-3.5.3.jar;C:\Users\Rajat.Garg\.m2\repository\org\seleniumhq\selenium\selenium-remote-driver\3.5.3\selenium-remote-driver-3.5.3.jar;C:\Users\Rajat.Garg\.m2\repository\org\seleniumhq\selenium\selenium-safari-driver\3.5.3\selenium-safari-driver-3.5.3.jar;C:\Users\Rajat.Garg\.m2\repository\org\seleniumhq\selenium\selenium-support\3.5.3\selenium-support-3.5.3.jar;C:\Users\Rajat.Garg\.m2\repository\cglib\cglib-nodep\3.2.4\cglib-nodep-3.2.4.jar;C:\Users\Rajat.Garg\.m2\repository\org\apache\commons\commons-exec\1.3\commons-exec-1.3.jar;C:\Users\Rajat.Garg\.m2\repository\org\apache\commons\commons-lang3\3.5\commons-lang3-3.5.jar;C:\Users\Rajat.Garg\.m2\repository\commons-codec\commons-codec\1.10\commons-codec-1.10.jar;C:\Users\Rajat.Garg\.m2\repository\commons-io\commons-io\2.5\commons-io-2.5.jar;C:\Users\Rajat.Garg\.m2\repository\commons-logging\commons-logging\1.2\commons-logging-1.2.jar;C:\Users\Rajat.Garg\.m2\repository\org\w3c\css\sac\1.3
Launcher Type: SUN_STANDARD

Environment Variables:
JAVA_HOME=C:\Program Files (x86)\Java\jdk1.7.0_55
JRE_HOME=C:\Program Files (x86)\Java\jdk1.7.0_55\jre
PATH=C:/Program Files/Java/jre1.8.0_151/bin/server;C:/Program Files/Java/jre1.8.0_151/bin;C:/Program Files/Java/jre1.8.0_151/lib/amd64;C:\Program Files (x86)\AMD APP\bin\x86_64;C:\Program Files (x86)\AMD APP\bin\x86;C:\ProgramData\Oracle\Java\javapath;C:\WINDOWS\system32;C:\WINDOWS;C:\WINDOWS\System32\Wbem;C:\WINDOWS\System32\WindowsPowerShell\v1.0\;C:\Program Files (x86)\Microsoft SQL Server\110\Tools\Binn\;C:\Program Files\Microsoft SQL Server\110\Tools\Binn\;C:\Program Files\Microsoft SQL Server\110\DTS\Binn\;C:\Program Files (x86)\Microsoft SQL Server\110\Tools\Binn\ManagementStudio\;C:\Program Files (x86)\Microsoft SQL Server\110\DTS\Binn\;C:\Program Files\Microsoft SQL Server\120\Tools\Binn\;C:\Program Files (x86)\Windows Kits\10\Windows Performance Toolkit\;C:\Program Files (x86)\nodejs;\C:\Program Files (x86)\Java\jdk1.7.0_55\bin;C:\Program Files (x86)\Java\jdk1.7.0_55\jre\bin;C:\Program Files (x86)\ATI Technologies\ATI.ACE\Core-Static;C:\Program Files\dotnet\;C:\Program Files\Microsoft SQL Server\130\Tools\Binn\;C:\Program Files (x86)\Microsoft SQL Server\Client SDK\ODBC\130\Tools\Binn\;C:\Program Files (x86)\Microsoft SQL Server\130\Tools\Binn\;C:\Program Files (x86)\Microsoft SQL Server\130\DTS\Binn\;C:\Program Files (x86)\Microsoft SQL Server\130\Tools\Binn\ManagementStudio\;C:\WINDOWS\System32\OpenSSH\;C:\Program Files\Git\cmd;C:\Users\Rajat.Garg\AppData\Local\Microsoft\WindowsApps;;D:\Selenium\eclipse-jee-juno-SR2-win32-x86_64 (1)\eclipse;
USERNAME=rajat.garg
OS=Windows_NT
PROCESSOR_IDENTIFIER=Intel64 Family 6 Model 30 Stepping 5, GenuineIntel



---------------  S Y S T E M  ---------------

OS: Windows 10.0 , 64 bit Build 17134 (10.0.17134.1)

CPU:total 4 (initial active 4) (4 cores per cpu, 1 threads per core) family 6 model 30 stepping 5, cmov, cx8, fxsr, mmx, sse, sse2, sse3, ssse3, sse4.1, sse4.2, popcnt, tsc, tscinvbit

Memory: 4k page, physical 8378800k(2379576k free), swap 10475952k(2444k free)

vm_info: Java HotSpot(TM) 64-Bit Server VM (25.151-b12) for windows-amd64 JRE (1.8.0_151-b12), built on Sep  5 2017 19:33:46 by "java_re" with MS VC++ 10.0 (VS2010)

time: Mon Aug 05 17:12:08 2019
elapsed time: 91 seconds (0d 0h 1m 31s)

