#
# There is insufficient memory for the Java Runtime Environment to continue.
# Native memory allocation (malloc) failed to allocate 32784 bytes for Chunk::new
# Possible reasons:
#   The system is out of physical RAM or swap space
#   In 32 bit mode, the process size limit was hit
# Possible solutions:
#   Reduce memory load on the system
#   Increase physical memory or swap space
#   Check if swap backing store is full
#   Use 64 bit Java on a 64 bit OS
#   Decrease Java heap size (-Xmx/-Xms)
#   Decrease number of Java threads
#   Decrease Java thread stack sizes (-Xss)
#   Set larger code cache with -XX:ReservedCodeCacheSize=
# This output file may be truncated or incomplete.
#
#  Out of Memory Error (allocation.cpp:390), pid=16224, tid=0x00000000000028a4
#
# JRE version: Java(TM) SE Runtime Environment (8.0_151-b12) (build 1.8.0_151-b12)
# Java VM: Java HotSpot(TM) 64-Bit Server VM (25.151-b12 mixed mode windows-amd64 compressed oops)
# Failed to write core dump. Minidumps are not enabled by default on client versions of Windows
#

---------------  T H R E A D  ---------------

Current thread (0x0000000017e6c800):  JavaThread "C2 CompilerThread0" daemon [_thread_in_native, id=10404, stack(0x0000000019ac0000,0x0000000019bc0000)]

Stack: [0x0000000019ac0000,0x0000000019bc0000]
[error occurred during error reporting (printing stack bounds), id 0xc0000005]

Native frames: (J=compiled Java code, j=interpreted, Vv=VM code, C=native code)


Current CompileTask:
C2:  19828 1311   !   4       java.util.concurrent.ConcurrentHashMap::transfer (832 bytes)


---------------  P R O C E S S  ---------------

Java Threads: ( => current thread )
  0x000000001b285000 JavaThread "Exec Stream Pumper" daemon [_thread_in_native, id=9364, stack(0x000000001c590000,0x000000001c690000)]
  0x000000001b284000 JavaThread "Exec Stream Pumper" daemon [_thread_in_native, id=9352, stack(0x000000001c490000,0x000000001c590000)]
  0x000000001b286000 JavaThread "UrlChecker-2" daemon [_thread_blocked, id=9316, stack(0x000000001c290000,0x000000001c390000)]
  0x000000001b29e000 JavaThread "Exec Default Executor" daemon [_thread_in_native, id=3196, stack(0x000000001c190000,0x000000001c290000)]
  0x000000001a5dd800 JavaThread "ReaderThread" [_thread_in_native, id=11200, stack(0x000000001acc0000,0x000000001adc0000)]
  0x0000000017e9e800 JavaThread "Service Thread" daemon [_thread_blocked, id=5072, stack(0x000000001a1c0000,0x000000001a2c0000)]
  0x0000000017e7b000 JavaThread "C1 CompilerThread2" daemon [_thread_blocked, id=2736, stack(0x0000000019cc0000,0x0000000019dc0000)]
  0x0000000017e79800 JavaThread "C2 CompilerThread1" daemon [_thread_blocked, id=15772, stack(0x0000000019bc0000,0x0000000019cc0000)]
=>0x0000000017e6c800 JavaThread "C2 CompilerThread0" daemon [_thread_in_native, id=10404, stack(0x0000000019ac0000,0x0000000019bc0000)]
  0x0000000017e62000 JavaThread "JDWP Command Reader" daemon [_thread_in_native, id=9596, stack(0x00000000199c0000,0x0000000019ac0000)]
  0x0000000017e5f800 JavaThread "JDWP Event Helper Thread" daemon [_thread_blocked, id=6504, stack(0x00000000198c0000,0x00000000199c0000)]
  0x0000000017e4e800 JavaThread "JDWP Transport Listener: dt_socket" daemon [_thread_blocked, id=12396, stack(0x00000000197c0000,0x00000000198c0000)]
  0x0000000017e44000 JavaThread "Attach Listener" daemon [_thread_blocked, id=2328, stack(0x0000000019380000,0x0000000019480000)]
  0x0000000017e40800 JavaThread "Signal Dispatcher" daemon [_thread_blocked, id=15536, stack(0x0000000019280000,0x0000000019380000)]
  0x0000000017e2c000 JavaThread "Finalizer" daemon [_thread_blocked, id=13120, stack(0x0000000019090000,0x0000000019190000)]
  0x0000000003235800 JavaThread "Reference Handler" daemon [_thread_blocked, id=13624, stack(0x0000000018f90000,0x0000000019090000)]
  0x0000000003145800 JavaThread "main" [_thread_in_native, id=6248, stack(0x0000000003040000,0x0000000003140000)]

Other Threads:
  0x0000000017e07800 VMThread [stack: 0x0000000018e90000,0x0000000018f90000] [id=13904]
  0x0000000019e45000 WatcherThread [stack: 0x000000001a2c0000,0x000000001a3c0000] [id=11948]

VM state:not at safepoint (normal execution)

VM Mutex/Monitor currently owned by a thread: None

Heap:
 PSYoungGen      total 38400K, used 27977K [0x00000000d5600000, 0x00000000d8080000, 0x0000000100000000)
  eden space 33280K, 68% used [0x00000000d5600000,0x00000000d6c5a4c0,0x00000000d7680000)
  from space 5120K, 99% used [0x00000000d7680000,0x00000000d7b782d8,0x00000000d7b80000)
  to   space 5120K, 0% used [0x00000000d7b80000,0x00000000d7b80000,0x00000000d8080000)
 ParOldGen       total 87552K, used 1966K [0x0000000080200000, 0x0000000085780000, 0x00000000d5600000)
  object space 87552K, 2% used [0x0000000080200000,0x00000000803ebad0,0x0000000085780000)
 Metaspace       used 16142K, capacity 16444K, committed 16640K, reserved 1062912K
  class space    used 2042K, capacity 2180K, committed 2304K, reserved 1048576K

Card table byte_map: [0x0000000012600000,0x0000000012a00000] byte_map_base: 0x00000000121ff000

Marking Bits: (ParMarkBitMap*) 0x0000000050ced850
 Begin Bits: [0x00000000130b0000, 0x00000000150a8000)
 End Bits:   [0x00000000150a8000, 0x00000000170a0000)

Polling page: 0x0000000002f40000

CodeCache: size=245760Kb used=4871Kb max_used=4871Kb free=240888Kb
 bounds [0x0000000003240000, 0x0000000003710000, 0x0000000012240000]
 total_blobs=1756 nmethods=1343 adapters=335
 compilation: enabled

Compilation events (10 events):
Event: 19.707 Thread 0x0000000017e7b000 nmethod 1304 0x00000000036efcd0 code [0x00000000036efe40, 0x00000000036f0008]
Event: 19.709 Thread 0x0000000017e7b000 1305       1       java.lang.invoke.InnerClassLambdaMetafactory::access$300 (5 bytes)
Event: 19.709 Thread 0x0000000017e7b000 nmethod 1305 0x00000000036f00d0 code [0x00000000036f0220, 0x00000000036f0310]
Event: 19.710 Thread 0x0000000017e7b000 1306       3       sun.invoke.util.Wrapper::forPrimitiveType (49 bytes)
Event: 19.711 Thread 0x0000000017e7b000 nmethod 1306 0x00000000036f0810 code [0x00000000036f0ac0, 0x00000000036f1c58]
Event: 19.711 Thread 0x0000000017e7b000 1308       3       java.lang.invoke.LambdaForm$Name::<init> (54 bytes)
Event: 19.711 Thread 0x0000000017e7b000 nmethod 1308 0x00000000036f2590 code [0x00000000036f2700, 0x00000000036f2910]
Event: 19.712 Thread 0x0000000017e6c800 1311   !   4       java.util.concurrent.ConcurrentHashMap::transfer (832 bytes)
Event: 19.713 Thread 0x0000000017e7b000 1313       3       java.lang.reflect.Modifier::isFinal (13 bytes)
Event: 19.713 Thread 0x0000000017e7b000 nmethod 1313 0x00000000036f2b90 code [0x00000000036f2ce0, 0x00000000036f2e70]

GC Heap History (2 events):
Event: 2.104 GC heap before
{Heap before GC invocations=1 (full 0):
 PSYoungGen      total 38400K, used 33280K [0x00000000d5600000, 0x00000000d8080000, 0x0000000100000000)
  eden space 33280K, 100% used [0x00000000d5600000,0x00000000d7680000,0x00000000d7680000)
  from space 5120K, 0% used [0x00000000d7b80000,0x00000000d7b80000,0x00000000d8080000)
  to   space 5120K, 0% used [0x00000000d7680000,0x00000000d7680000,0x00000000d7b80000)
 ParOldGen       total 87552K, used 0K [0x0000000080200000, 0x0000000085780000, 0x00000000d5600000)
  object space 87552K, 0% used [0x0000000080200000,0x0000000080200000,0x0000000085780000)
 Metaspace       used 12212K, capacity 12396K, committed 12544K, reserved 1060864K
  class space    used 1440K, capacity 1518K, committed 1536K, reserved 1048576K
Event: 2.114 GC heap after
Heap after GC invocations=1 (full 0):
 PSYoungGen      total 38400K, used 5088K [0x00000000d5600000, 0x00000000d8080000, 0x0000000100000000)
  eden space 33280K, 0% used [0x00000000d5600000,0x00000000d5600000,0x00000000d7680000)
  from space 5120K, 99% used [0x00000000d7680000,0x00000000d7b782d8,0x00000000d7b80000)
  to   space 5120K, 0% used [0x00000000d7b80000,0x00000000d7b80000,0x00000000d8080000)
 ParOldGen       total 87552K, used 1966K [0x0000000080200000, 0x0000000085780000, 0x00000000d5600000)
  object space 87552K, 2% used [0x0000000080200000,0x00000000803ebad0,0x0000000085780000)
 Metaspace       used 12212K, capacity 12396K, committed 12544K, reserved 1060864K
  class space    used 1440K, capacity 1518K, committed 1536K, reserved 1048576K
}

Deoptimization events (10 events):
Event: 2.231 Thread 0x0000000003145800 Uncommon trap: reason=unstable_if action=reinterpret pc=0x0000000003671cf0 method=java.util.concurrent.ConcurrentHashMap.addCount(JI)V @ 121
Event: 2.253 Thread 0x000000001b286000 Uncommon trap: reason=unstable_if action=reinterpret pc=0x0000000003537c40 method=sun.net.www.ParseUtil.encodePath(Ljava/lang/String;Z)Ljava/lang/String; @ 109
Event: 2.258 Thread 0x000000001b286000 Uncommon trap: reason=unstable_if action=reinterpret pc=0x0000000003561560 method=java.lang.CharacterDataLatin1.digit(II)I @ 82
Event: 2.768 Thread 0x000000001b286000 Uncommon trap: reason=unstable_if action=reinterpret pc=0x000000000355fe2c method=java.lang.CharacterDataLatin1.digit(II)I @ 82
Event: 2.879 Thread 0x0000000003145800 Uncommon trap: reason=range_check action=make_not_entrant pc=0x00000000036bd18c method=sun.reflect.generics.parser.SignatureParser.current()C @ 34
Event: 2.881 Thread 0x0000000003145800 Uncommon trap: reason=range_check action=none pc=0x00000000036c46dc method=sun.reflect.generics.parser.SignatureParser.current()C @ 34
Event: 2.927 Thread 0x0000000003145800 Uncommon trap: reason=class_check action=maybe_recompile pc=0x0000000003596e14 method=java.util.regex.Pattern$Curly.match(Ljava/util/regex/Matcher;ILjava/lang/CharSequence;)Z @ 19
Event: 2.927 Thread 0x0000000003145800 Uncommon trap: reason=class_check action=maybe_recompile pc=0x0000000003596e14 method=java.util.regex.Pattern$Curly.match(Ljava/util/regex/Matcher;ILjava/lang/CharSequence;)Z @ 19
Event: 2.929 Thread 0x0000000003145800 Uncommon trap: reason=class_check action=maybe_recompile pc=0x0000000003596e14 method=java.util.regex.Pattern$Curly.match(Ljava/util/regex/Matcher;ILjava/lang/CharSequence;)Z @ 19
Event: 2.930 Thread 0x0000000003145800 Uncommon trap: reason=class_check action=maybe_recompile pc=0x0000000003596e14 method=java.util.regex.Pattern$Curly.match(Ljava/util/regex/Matcher;ILjava/lang/CharSequence;)Z @ 19

Internal exceptions (10 events):
Event: 2.801 Thread 0x0000000003145800 Exception <a 'java/lang/ArrayIndexOutOfBoundsException'> (0x00000000d5cafe40) thrown at [C:\re\workspace\8-2-build-windows-amd64-cygwin\jdk8u151\9699\hotspot\src\share\vm\runtime\sharedRuntime.cpp, line 605]
Event: 2.817 Thread 0x0000000003145800 Exception <a 'java/lang/ArrayIndexOutOfBoundsException'> (0x00000000d5d68748) thrown at [C:\re\workspace\8-2-build-windows-amd64-cygwin\jdk8u151\9699\hotspot\src\share\vm\runtime\sharedRuntime.cpp, line 605]
Event: 2.866 Thread 0x0000000003145800 Exception <a 'java/lang/ArrayIndexOutOfBoundsException'> (0x00000000d5f89040) thrown at [C:\re\workspace\8-2-build-windows-amd64-cygwin\jdk8u151\9699\hotspot\src\share\vm\runtime\sharedRuntime.cpp, line 605]
Event: 2.866 Thread 0x0000000003145800 Exception <a 'java/lang/ArrayIndexOutOfBoundsException'> (0x00000000d5f8b050) thrown at [C:\re\workspace\8-2-build-windows-amd64-cygwin\jdk8u151\9699\hotspot\src\share\vm\runtime\sharedRuntime.cpp, line 605]
Event: 2.879 Thread 0x0000000003145800 Exception <a 'java/lang/ArrayIndexOutOfBoundsException': 139> (0x00000000d5feec20) thrown at [C:\re\workspace\8-2-build-windows-amd64-cygwin\jdk8u151\9699\hotspot\src\share\vm\interpreter\interpreterRuntime.cpp, line 366]
Event: 2.880 Thread 0x0000000003145800 Exception <a 'java/lang/ArrayIndexOutOfBoundsException': 68> (0x00000000d5ff7350) thrown at [C:\re\workspace\8-2-build-windows-amd64-cygwin\jdk8u151\9699\hotspot\src\share\vm\interpreter\interpreterRuntime.cpp, line 366]
Event: 2.880 Thread 0x0000000003145800 Exception <a 'java/lang/ArrayIndexOutOfBoundsException': 119> (0x00000000d5ff8ea8) thrown at [C:\re\workspace\8-2-build-windows-amd64-cygwin\jdk8u151\9699\hotspot\src\share\vm\interpreter\interpreterRuntime.cpp, line 366]
Event: 2.880 Thread 0x0000000003145800 Exception <a 'java/lang/ArrayIndexOutOfBoundsException': 65> (0x00000000d5ffa5f0) thrown at [C:\re\workspace\8-2-build-windows-amd64-cygwin\jdk8u151\9699\hotspot\src\share\vm\interpreter\interpreterRuntime.cpp, line 366]
Event: 2.881 Thread 0x0000000003145800 Exception <a 'java/lang/ArrayIndexOutOfBoundsException': 139> (0x00000000d6002e68) thrown at [C:\re\workspace\8-2-build-windows-amd64-cygwin\jdk8u151\9699\hotspot\src\share\vm\interpreter\interpreterRuntime.cpp, line 366]
Event: 2.896 Thread 0x0000000003145800 Exception <a 'java/lang/IncompatibleClassChangeError': Found class java.lang.Object, but interface was expected> (0x00000000d602de80) thrown at [C:\re\workspace\8-2-build-windows-amd64-cygwin\jdk8u151\9699\hotspot\src\share\vm\interpreter\linkResolver.cpp

Events (10 events):
Event: 19.710 loading class org/openqa/selenium/remote/ErrorCodes$KnownError done
Event: 19.710 loading class org/openqa/selenium/remote/ErrorCodes$KnownError
Event: 19.710 loading class org/openqa/selenium/remote/ErrorCodes$KnownError done
Event: 19.711 loading class org/openqa/selenium/remote/ErrorCodes$KnownError
Event: 19.711 loading class org/openqa/selenium/remote/ErrorCodes$KnownError done
Event: 19.712 Thread 0x0000000003145800 DEOPT PACKING pc=0x000000000366ed78 sp=0x000000000313c510
Event: 19.712 Thread 0x0000000003145800 DEOPT UNPACKING pc=0x000000000328747f sp=0x000000000313c2a8 mode 0
Event: 19.714 loading class java/math/BigDecimal$1
Event: 19.714 loading class java/math/BigDecimal$1 done
Event: 19.714 loading class java/math/MathContext


Dynamic libraries:
0x00007ff7714d0000 - 0x00007ff771507000 	C:\Program Files\Java\jre1.8.0_151\bin\javaw.exe
0x00007ff8d5710000 - 0x00007ff8d58f1000 	C:\WINDOWS\SYSTEM32\ntdll.dll
0x00007ff8d5180000 - 0x00007ff8d5232000 	C:\WINDOWS\System32\KERNEL32.dll
0x00007ff8c9980000 - 0x00007ff8c9ad0000 	C:\Windows\system32\hmpalert.dll
0x00007ff8d1ae0000 - 0x00007ff8d1d53000 	C:\WINDOWS\System32\KERNELBASE.dll
0x00007ff8d3360000 - 0x00007ff8d3401000 	C:\WINDOWS\System32\ADVAPI32.dll
0x00007ff8d5260000 - 0x00007ff8d52fe000 	C:\WINDOWS\System32\msvcrt.dll
0x00007ff8d3480000 - 0x00007ff8d34db000 	C:\WINDOWS\System32\sechost.dll
0x00007ff8d5360000 - 0x00007ff8d5484000 	C:\WINDOWS\System32\RPCRT4.dll
0x00007ff8d4da0000 - 0x00007ff8d4f30000 	C:\WINDOWS\System32\USER32.dll
0x00007ff8d2b80000 - 0x00007ff8d2ba0000 	C:\WINDOWS\System32\win32u.dll
0x00007ff8d56b0000 - 0x00007ff8d56d8000 	C:\WINDOWS\System32\GDI32.dll
0x00007ff8d26c0000 - 0x00007ff8d2852000 	C:\WINDOWS\System32\gdi32full.dll
0x00007ff8d2960000 - 0x00007ff8d29ff000 	C:\WINDOWS\System32\msvcp_win.dll
0x00007ff8d2860000 - 0x00007ff8d295a000 	C:\WINDOWS\System32\ucrtbase.dll
0x00007ff8c29b0000 - 0x00007ff8c2c19000 	C:\WINDOWS\WinSxS\amd64_microsoft.windows.common-controls_6595b64144ccf1df_6.0.17134.523_none_fb409dd930672a56\COMCTL32.dll
0x00007ff8d35c0000 - 0x00007ff8d38e2000 	C:\WINDOWS\System32\combase.dll
0x00007ff8d2b00000 - 0x00007ff8d2b7a000 	C:\WINDOWS\System32\bcryptPrimitives.dll
0x00007ff8d3590000 - 0x00007ff8d35bd000 	C:\WINDOWS\System32\IMM32.DLL
0x00000000522d0000 - 0x0000000052309000 	C:\PROGRA~2\Sophos\SOPHOS~1\SOPHOS~2.DLL
0x00007ff8d3470000 - 0x00007ff8d3478000 	C:\WINDOWS\System32\PSAPI.DLL
0x0000000050330000 - 0x0000000050402000 	C:\Program Files\Java\jre1.8.0_151\bin\msvcr100.dll
0x00000000504d0000 - 0x0000000050d6d000 	C:\Program Files\Java\jre1.8.0_151\bin\server\jvm.dll
0x00007ff8cbb50000 - 0x00007ff8cbb59000 	C:\WINDOWS\SYSTEM32\WSOCK32.dll
0x00007ff8d38f0000 - 0x00007ff8d395c000 	C:\WINDOWS\System32\WS2_32.dll
0x00007ff8ccb00000 - 0x00007ff8ccb0a000 	C:\WINDOWS\SYSTEM32\VERSION.dll
0x00007ff8cfa30000 - 0x00007ff8cfa53000 	C:\WINDOWS\SYSTEM32\WINMM.dll
0x00007ff8cfa00000 - 0x00007ff8cfa2a000 	C:\WINDOWS\SYSTEM32\WINMMBASE.dll
0x00007ff8d2a00000 - 0x00007ff8d2a49000 	C:\WINDOWS\System32\cfgmgr32.dll
0x0000000051120000 - 0x000000005112f000 	C:\Program Files\Java\jre1.8.0_151\bin\verify.dll
0x00000000504a0000 - 0x00000000504c9000 	C:\Program Files\Java\jre1.8.0_151\bin\java.dll
0x00000000502f0000 - 0x0000000050325000 	C:\Program Files\Java\jre1.8.0_151\bin\jdwp.dll
0x00000000502e0000 - 0x00000000502e8000 	C:\Program Files\Java\jre1.8.0_151\bin\npt.dll
0x0000000051100000 - 0x0000000051116000 	C:\Program Files\Java\jre1.8.0_151\bin\zip.dll
0x00007ff8d3960000 - 0x00007ff8d4da0000 	C:\WINDOWS\System32\SHELL32.dll
0x00007ff8d34e0000 - 0x00007ff8d3589000 	C:\WINDOWS\System32\shcore.dll
0x00007ff8d1d60000 - 0x00007ff8d246d000 	C:\WINDOWS\System32\windows.storage.dll
0x00007ff8d3410000 - 0x00007ff8d3461000 	C:\WINDOWS\System32\shlwapi.dll
0x00007ff8d1ab0000 - 0x00007ff8d1ac1000 	C:\WINDOWS\System32\kernel.appcore.dll
0x00007ff8d1a70000 - 0x00007ff8d1a8f000 	C:\WINDOWS\System32\profapi.dll
0x00007ff8d1a20000 - 0x00007ff8d1a6c000 	C:\WINDOWS\System32\powrprof.dll
0x00007ff8d1ad0000 - 0x00007ff8d1ada000 	C:\WINDOWS\System32\FLTLIB.DLL
0x00000000502d0000 - 0x00000000502d9000 	C:\Program Files\Java\jre1.8.0_151\bin\dt_socket.dll
0x00007ff8c6270000 - 0x00007ff8c6286000 	C:\WINDOWS\system32\napinsp.dll
0x00007ff8c6250000 - 0x00007ff8c626a000 	C:\WINDOWS\system32\pnrpnsp.dll
0x00007ff8ce240000 - 0x00007ff8ce259000 	C:\WINDOWS\system32\NLAapi.dll
0x00007ff8d1250000 - 0x00007ff8d12b6000 	C:\WINDOWS\System32\mswsock.dll
0x00007ff8d1020000 - 0x00007ff8d10de000 	C:\WINDOWS\SYSTEM32\DNSAPI.dll
0x00007ff8d5580000 - 0x00007ff8d5588000 	C:\WINDOWS\System32\NSI.dll
0x00007ff8d0fe0000 - 0x00007ff8d1018000 	C:\WINDOWS\SYSTEM32\IPHLPAPI.DLL
0x00007ff8c6240000 - 0x00007ff8c624e000 	C:\WINDOWS\System32\winrnr.dll
0x00007ff8cdda0000 - 0x00007ff8cde12000 	C:\WINDOWS\System32\fwpuclnt.dll
0x00007ff8d1750000 - 0x00007ff8d1775000 	C:\WINDOWS\SYSTEM32\bcrypt.dll
0x00007ff8cb920000 - 0x00007ff8cb92a000 	C:\Windows\System32\rasadhlp.dll
0x0000000050480000 - 0x000000005049a000 	C:\Program Files\Java\jre1.8.0_151\bin\net.dll
0x00007ff8d17a0000 - 0x00007ff8d17b7000 	C:\WINDOWS\SYSTEM32\CRYPTSP.dll
0x00007ff8d0e40000 - 0x00007ff8d0e73000 	C:\WINDOWS\system32\rsaenh.dll
0x00007ff8d1920000 - 0x00007ff8d1948000 	C:\WINDOWS\SYSTEM32\USERENV.dll
0x00007ff8d13b0000 - 0x00007ff8d13bb000 	C:\WINDOWS\SYSTEM32\CRYPTBASE.dll
0x00007ff8cd900000 - 0x00007ff8cd916000 	C:\WINDOWS\SYSTEM32\dhcpcsvc6.DLL
0x00007ff8cd750000 - 0x00007ff8cd76a000 	C:\WINDOWS\SYSTEM32\dhcpcsvc.DLL
0x0000000050460000 - 0x0000000050471000 	C:\Program Files\Java\jre1.8.0_151\bin\nio.dll
0x0000000050430000 - 0x0000000050454000 	C:\Program Files\Java\jre1.8.0_151\bin\sunec.dll

VM Arguments:
jvm_args: -agentlib:jdwp=transport=dt_socket,suspend=y,address=localhost:57090 -ea -Dfile.encoding=Cp1252 
java_command: org.testng.remote.RemoteTestNG -serport 57089 -d D:\Eclipse\Rajat_20092018\BPOAutomation\test-output C:\Users\RAJAT~1.GAR\AppData\Local\Temp\testng-eclipse-211004463\testng-customsuite.xml
java_class_path (initial): /D:/Selenium/eclipse-jee-juno-SR2-win32-x86_64 (1)/eclipse/plugins/org.testng.eclipse_6.8.6.20141201_2240/lib/testng.jar;D:\Eclipse\Rajat_20092018\BPOAutomation\target\test-classes;D:\Eclipse\Rajat_20092018\BPOAutomation\target\classes;C:\Users\Rajat.Garg\.m2\repository\org\seleniumhq\selenium\selenium-java\3.5.3\selenium-java-3.5.3.jar;C:\Users\Rajat.Garg\.m2\repository\org\seleniumhq\selenium\selenium-api\3.5.3\selenium-api-3.5.3.jar;C:\Users\Rajat.Garg\.m2\repository\org\seleniumhq\selenium\selenium-chrome-driver\3.5.3\selenium-chrome-driver-3.5.3.jar;C:\Users\Rajat.Garg\.m2\repository\org\seleniumhq\selenium\selenium-edge-driver\3.5.3\selenium-edge-driver-3.5.3.jar;C:\Users\Rajat.Garg\.m2\repository\org\seleniumhq\selenium\selenium-firefox-driver\3.5.3\selenium-firefox-driver-3.5.3.jar;C:\Users\Rajat.Garg\.m2\repository\org\seleniumhq\selenium\selenium-ie-driver\3.5.3\selenium-ie-driver-3.5.3.jar;C:\Users\Rajat.Garg\.m2\repository\org\seleniumhq\selenium\selenium-opera-driver\3.5.3\selenium-opera-driver-3.5.3.jar;C:\Users\Rajat.Garg\.m2\repository\org\seleniumhq\selenium\selenium-remote-driver\3.5.3\selenium-remote-driver-3.5.3.jar;C:\Users\Rajat.Garg\.m2\repository\org\seleniumhq\selenium\selenium-safari-driver\3.5.3\selenium-safari-driver-3.5.3.jar;C:\Users\Rajat.Garg\.m2\repository\org\seleniumhq\selenium\selenium-support\3.5.3\selenium-support-3.5.3.jar;C:\Users\Rajat.Garg\.m2\repository\cglib\cglib-nodep\3.2.4\cglib-nodep-3.2.4.jar;C:\Users\Rajat.Garg\.m2\repository\org\apache\commons\commons-exec\1.3\commons-exec-1.3.jar;C:\Users\Rajat.Garg\.m2\repository\org\apache\commons\commons-lang3\3.5\commons-lang3-3.5.jar;C:\Users\Rajat.Garg\.m2\repository\commons-codec\commons-codec\1.10\commons-codec-1.10.jar;C:\Users\Rajat.Garg\.m2\repository\commons-io\commons-io\2.5\commons-io-2.5.jar;C:\Users\Rajat.Garg\.m2\repository\commons-logging\commons-logging\1.2\commons-logging-1.2.jar;C:\Users\Rajat.Garg\.m2\repository\org\w3c\css\sac\1.3
Launcher Type: SUN_STANDARD

Environment Variables:
JAVA_HOME=C:\Program Files (x86)\Java\jdk1.7.0_55
JRE_HOME=C:\Program Files (x86)\Java\jdk1.7.0_55\jre
PATH=C:/Program Files/Java/jre1.8.0_151/bin/server;C:/Program Files/Java/jre1.8.0_151/bin;C:/Program Files/Java/jre1.8.0_151/lib/amd64;C:\Program Files (x86)\AMD APP\bin\x86_64;C:\Program Files (x86)\AMD APP\bin\x86;C:\ProgramData\Oracle\Java\javapath;C:\WINDOWS\system32;C:\WINDOWS;C:\WINDOWS\System32\Wbem;C:\WINDOWS\System32\WindowsPowerShell\v1.0\;C:\Program Files (x86)\Microsoft SQL Server\110\Tools\Binn\;C:\Program Files\Microsoft SQL Server\110\Tools\Binn\;C:\Program Files\Microsoft SQL Server\110\DTS\Binn\;C:\Program Files (x86)\Microsoft SQL Server\110\Tools\Binn\ManagementStudio\;C:\Program Files (x86)\Microsoft SQL Server\110\DTS\Binn\;C:\Program Files\Microsoft SQL Server\120\Tools\Binn\;C:\Program Files (x86)\Windows Kits\10\Windows Performance Toolkit\;C:\Program Files (x86)\nodejs;\C:\Program Files (x86)\Java\jdk1.7.0_55\bin;C:\Program Files (x86)\Java\jdk1.7.0_55\jre\bin;C:\Program Files (x86)\ATI Technologies\ATI.ACE\Core-Static;C:\Program Files\dotnet\;C:\Program Files\Microsoft SQL Server\130\Tools\Binn\;C:\Program Files (x86)\Microsoft SQL Server\Client SDK\ODBC\130\Tools\Binn\;C:\Program Files (x86)\Microsoft SQL Server\130\Tools\Binn\;C:\Program Files (x86)\Microsoft SQL Server\130\DTS\Binn\;C:\Program Files (x86)\Microsoft SQL Server\130\Tools\Binn\ManagementStudio\;C:\WINDOWS\System32\OpenSSH\;C:\Program Files\Git\cmd;C:\Users\Rajat.Garg\AppData\Local\Microsoft\WindowsApps;;D:\Selenium\eclipse-jee-juno-SR2-win32-x86_64 (1)\eclipse;
USERNAME=rajat.garg
OS=Windows_NT
PROCESSOR_IDENTIFIER=Intel64 Family 6 Model 30 Stepping 5, GenuineIntel



---------------  S Y S T E M  ---------------

OS: Windows 10.0 , 64 bit Build 17134 (10.0.17134.1)

CPU:total 4 (initial active 4) (4 cores per cpu, 1 threads per core) family 6 model 30 stepping 5, cmov, cx8, fxsr, mmx, sse, sse2, sse3, ssse3, sse4.1, sse4.2, popcnt, tsc, tscinvbit

Memory: 4k page, physical 8378800k(2261400k free), swap 10475952k(14948k free)

vm_info: Java HotSpot(TM) 64-Bit Server VM (25.151-b12) for windows-amd64 JRE (1.8.0_151-b12), built on Sep  5 2017 19:33:46 by "java_re" with MS VC++ 10.0 (VS2010)

time: Mon Aug 05 17:09:16 2019
elapsed time: 19 seconds (0d 0h 0m 19s)

