#
# There is insufficient memory for the Java Runtime Environment to continue.
# Native memory allocation (malloc) failed to allocate 228016 bytes for Chunk::new
# Possible reasons:
#   The system is out of physical RAM or swap space
#   In 32 bit mode, the process size limit was hit
# Possible solutions:
#   Reduce memory load on the system
#   Increase physical memory or swap space
#   Check if swap backing store is full
#   Use 64 bit Java on a 64 bit OS
#   Decrease Java heap size (-Xmx/-Xms)
#   Decrease number of Java threads
#   Decrease Java thread stack sizes (-Xss)
#   Set larger code cache with -XX:ReservedCodeCacheSize=
# This output file may be truncated or incomplete.
#
#  Out of Memory Error (allocation.cpp:390), pid=9884, tid=0x0000000000003fc0
#
# JRE version: Java(TM) SE Runtime Environment (8.0_151-b12) (build 1.8.0_151-b12)
# Java VM: Java HotSpot(TM) 64-Bit Server VM (25.151-b12 mixed mode windows-amd64 compressed oops)
# Failed to write core dump. Minidumps are not enabled by default on client versions of Windows
#

---------------  T H R E A D  ---------------

Current thread (0x0000000017f89800):  JavaThread "C2 CompilerThread0" daemon [_thread_in_native, id=16320, stack(0x0000000019af0000,0x0000000019bf0000)]

Stack: [0x0000000019af0000,0x0000000019bf0000]
[error occurred during error reporting (printing stack bounds), id 0xc0000005]

Native frames: (J=compiled Java code, j=interpreted, Vv=VM code, C=native code)


Current CompileTask:
C2:   2135 1105   !   4       java.io.BufferedReader::readLine (304 bytes)


---------------  P R O C E S S  ---------------

Java Threads: ( => current thread )
  0x000000001a605000 JavaThread "ReaderThread" [_thread_in_native, id=12928, stack(0x000000001acf0000,0x000000001adf0000)]
  0x0000000019e4c800 JavaThread "Service Thread" daemon [_thread_blocked, id=1880, stack(0x000000001a1f0000,0x000000001a2f0000)]
  0x0000000017f91800 JavaThread "C1 CompilerThread2" daemon [_thread_blocked, id=304, stack(0x0000000019cf0000,0x0000000019df0000)]
  0x0000000017f90000 JavaThread "C2 CompilerThread1" daemon [_thread_in_native, id=15824, stack(0x0000000019bf0000,0x0000000019cf0000)]
=>0x0000000017f89800 JavaThread "C2 CompilerThread0" daemon [_thread_in_native, id=16320, stack(0x0000000019af0000,0x0000000019bf0000)]
  0x0000000017f7d800 JavaThread "JDWP Command Reader" daemon [_thread_in_native, id=16260, stack(0x00000000199f0000,0x0000000019af0000)]
  0x0000000017f7c000 JavaThread "JDWP Event Helper Thread" daemon [_thread_blocked, id=14824, stack(0x00000000198f0000,0x00000000199f0000)]
  0x0000000017f6c800 JavaThread "JDWP Transport Listener: dt_socket" daemon [_thread_blocked, id=3444, stack(0x00000000197f0000,0x00000000198f0000)]
  0x0000000017f61800 JavaThread "Attach Listener" daemon [_thread_blocked, id=9388, stack(0x00000000193b0000,0x00000000194b0000)]
  0x0000000017f60800 JavaThread "Signal Dispatcher" daemon [_thread_blocked, id=4584, stack(0x00000000192b0000,0x00000000193b0000)]
  0x0000000017f4c800 JavaThread "Finalizer" daemon [_thread_blocked, id=7352, stack(0x00000000191b0000,0x00000000192b0000)]
  0x0000000003356800 JavaThread "Reference Handler" daemon [_thread_blocked, id=15960, stack(0x00000000190b0000,0x00000000191b0000)]
  0x0000000003265000 JavaThread "main" [_thread_in_Java, id=12320, stack(0x00000000030a0000,0x00000000031a0000)]

Other Threads:
  0x0000000017f29000 VMThread [stack: 0x0000000018fb0000,0x00000000190b0000] [id=2896]
  0x0000000019e6c800 WatcherThread [stack: 0x000000001a2f0000,0x000000001a3f0000] [id=15848]

VM state:not at safepoint (normal execution)

VM Mutex/Monitor currently owned by a thread: None

Heap:
 PSYoungGen      total 38400K, used 30106K [0x00000000d5600000, 0x00000000d8080000, 0x0000000100000000)
  eden space 33280K, 90% used [0x00000000d5600000,0x00000000d73669d0,0x00000000d7680000)
  from space 5120K, 0% used [0x00000000d7b80000,0x00000000d7b80000,0x00000000d8080000)
  to   space 5120K, 0% used [0x00000000d7680000,0x00000000d7680000,0x00000000d7b80000)
 ParOldGen       total 87552K, used 0K [0x0000000080200000, 0x0000000085780000, 0x00000000d5600000)
  object space 87552K, 0% used [0x0000000080200000,0x0000000080200000,0x0000000085780000)
 Metaspace       used 11865K, capacity 12104K, committed 12288K, reserved 1060864K
  class space    used 1388K, capacity 1486K, committed 1536K, reserved 1048576K

Card table byte_map: [0x0000000012720000,0x0000000012b20000] byte_map_base: 0x000000001231f000

Marking Bits: (ParMarkBitMap*) 0x0000000050ced850
 Begin Bits: [0x00000000131d0000, 0x00000000151c8000)
 End Bits:   [0x00000000151c8000, 0x00000000171c0000)

Polling page: 0x0000000001720000

CodeCache: size=245760Kb used=4306Kb max_used=4306Kb free=241453Kb
 bounds [0x0000000003360000, 0x00000000037a0000, 0x0000000012360000]
 total_blobs=1471 nmethods=1116 adapters=277
 compilation: enabled

Compilation events (10 events):
Event: 2.122 Thread 0x0000000017f90000 nmethod 1108 0x000000000376e590 code [0x000000000376e6e0, 0x000000000376eb48]
Event: 2.122 Thread 0x0000000017f90000 1111       4       java.io.BufferedReader::readLine (6 bytes)
Event: 2.123 Thread 0x0000000017f91800 nmethod 1109% 0x000000000376eed0 code [0x000000000376f900, 0x0000000003776648]
Event: 2.123 Thread 0x0000000017f91800 1112       3       sun.nio.cs.UTF_8$Decoder::isNotContinuation (17 bytes)
Event: 2.124 Thread 0x0000000017f91800 nmethod 1112 0x000000000376e250 code [0x000000000376e3a0, 0x000000000376e530]
Event: 2.124 Thread 0x0000000017f91800 1113 %     3       sun.nio.cs.UTF_8$Decoder::decodeArrayLoop @ 106 (691 bytes)
Event: 2.130 Thread 0x0000000017f91800 nmethod 1113% 0x000000000377d1d0 code [0x000000000377dc00, 0x0000000003784948]
Event: 2.130 Thread 0x0000000017f91800 1114       3       sun.nio.cs.UTF_8$Decoder::isMalformed3 (45 bytes)
Event: 2.130 Thread 0x0000000017f91800 nmethod 1114 0x000000000376da50 code [0x000000000376dba0, 0x000000000376ddf0]
Event: 2.130 Thread 0x0000000017f91800 1116       3       sun.nio.cs.UTF_8$Decoder::decodeArrayLoop (691 bytes)

GC Heap History (0 events):
No events

Deoptimization events (8 events):
Event: 0.461 Thread 0x0000000003265000 Uncommon trap: reason=unstable_if action=reinterpret pc=0x000000000347a7fc method=java.lang.String.hashCode()I @ 14
Event: 1.226 Thread 0x0000000003265000 Uncommon trap: reason=unstable_if action=reinterpret pc=0x0000000003546bf0 method=java.util.HashMap.hash(Ljava/lang/Object;)I @ 1
Event: 1.667 Thread 0x0000000003265000 Uncommon trap: reason=unstable_if action=reinterpret pc=0x00000000035625c8 method=java.lang.AbstractStringBuilder.append(Ljava/lang/String;)Ljava/lang/AbstractStringBuilder; @ 1
Event: 1.675 Thread 0x0000000003265000 Uncommon trap: reason=unstable_if action=reinterpret pc=0x00000000035e7ed0 method=sun.misc.MetaIndex.mayContain(Ljava/lang/String;)Z @ 38
Event: 1.716 Thread 0x0000000003265000 Uncommon trap: reason=unstable_if action=reinterpret pc=0x0000000003656844 method=java.util.HashMap.putVal(ILjava/lang/Object;Ljava/lang/Object;ZZ)Ljava/lang/Object; @ 236
Event: 1.749 Thread 0x0000000003265000 Uncommon trap: reason=unstable_if action=reinterpret pc=0x000000000358eff8 method=sun.misc.MetaIndex.mayContain(Ljava/lang/String;)Z @ 38
Event: 1.968 Thread 0x0000000003265000 Uncommon trap: reason=class_check action=maybe_recompile pc=0x000000000369db34 method=java.util.regex.Pattern$BmpCharProperty.match(Ljava/util/regex/Matcher;ILjava/lang/CharSequence;)Z @ 31
Event: 1.968 Thread 0x0000000003265000 Uncommon trap: reason=unstable_if action=reinterpret pc=0x000000000369da98 method=java.util.regex.Pattern$BmpCharProperty.match(Ljava/util/regex/Matcher;ILjava/lang/CharSequence;)Z @ 5

Internal exceptions (10 events):
Event: 0.552 Thread 0x0000000003265000 Exception <a 'java/security/PrivilegedActionException'> (0x00000000d5923260) thrown at [C:\re\workspace\8-2-build-windows-amd64-cygwin\jdk8u151\9699\hotspot\src\share\vm\prims\jvm.cpp, line 1390]
Event: 0.707 Thread 0x0000000003265000 Exception <a 'java/lang/ArrayIndexOutOfBoundsException'> (0x00000000d5a671a8) thrown at [C:\re\workspace\8-2-build-windows-amd64-cygwin\jdk8u151\9699\hotspot\src\share\vm\runtime\sharedRuntime.cpp, line 605]
Event: 0.708 Thread 0x0000000003265000 Exception <a 'java/lang/ArrayIndexOutOfBoundsException'> (0x00000000d5a680b0) thrown at [C:\re\workspace\8-2-build-windows-amd64-cygwin\jdk8u151\9699\hotspot\src\share\vm\runtime\sharedRuntime.cpp, line 605]
Event: 1.067 Thread 0x0000000003265000 Exception <a 'java/lang/NoSuchMethodError': <clinit>> (0x00000000d5d2cb48) thrown at [C:\re\workspace\8-2-build-windows-amd64-cygwin\jdk8u151\9699\hotspot\src\share\vm\prims\jni.cpp, line 1613]
Event: 1.226 Thread 0x0000000003265000 Implicit null exception at 0x0000000003546954 to 0x0000000003546bd9
Event: 1.237 Thread 0x0000000003265000 Exception <a 'java/lang/NoSuchMethodError': <clinit>> (0x00000000d6048718) thrown at [C:\re\workspace\8-2-build-windows-amd64-cygwin\jdk8u151\9699\hotspot\src\share\vm\prims\jni.cpp, line 1613]
Event: 1.244 Thread 0x0000000003265000 Exception <a 'java/lang/NoSuchMethodError': <clinit>> (0x00000000d606c678) thrown at [C:\re\workspace\8-2-build-windows-amd64-cygwin\jdk8u151\9699\hotspot\src\share\vm\prims\jni.cpp, line 1613]
Event: 1.537 Thread 0x0000000003265000 Exception <a 'java/lang/NoSuchFieldError': method resolution failed> (0x00000000d6576330) thrown at [C:\re\workspace\8-2-build-windows-amd64-cygwin\jdk8u151\9699\hotspot\src\share\vm\prims\methodHandles.cpp, line 1146]
Event: 1.543 Thread 0x0000000003265000 Exception <a 'java/lang/NoSuchFieldError': method resolution failed> (0x00000000d6583a20) thrown at [C:\re\workspace\8-2-build-windows-amd64-cygwin\jdk8u151\9699\hotspot\src\share\vm\prims\methodHandles.cpp, line 1146]
Event: 1.667 Thread 0x0000000003265000 Implicit null exception at 0x0000000003562116 to 0x00000000035625b1

Events (10 events):
Event: 2.129 Thread 0x0000000003265000 DEOPT PACKING pc=0x00000000034dd2d4 sp=0x000000000319c940
Event: 2.129 Thread 0x0000000003265000 DEOPT UNPACKING pc=0x00000000033a747f sp=0x000000000319c760 mode 1
Event: 2.131 loading class org/apache/http/conn/util/PublicSuffixMatcher
Event: 2.131 loading class org/apache/http/conn/util/PublicSuffixMatcher done
Event: 2.131 Thread 0x0000000003265000 DEOPT PACKING pc=0x00000000034f9241 sp=0x000000000319c7e0
Event: 2.131 Thread 0x0000000003265000 DEOPT UNPACKING pc=0x00000000033a747f sp=0x000000000319c530 mode 1
Event: 2.131 Thread 0x0000000003265000 DEOPT PACKING pc=0x00000000034dd53c sp=0x000000000319c860
Event: 2.131 Thread 0x0000000003265000 DEOPT UNPACKING pc=0x00000000033a747f sp=0x000000000319c680 mode 1
Event: 2.131 Thread 0x0000000003265000 DEOPT PACKING pc=0x00000000034dd2d4 sp=0x000000000319c9f0
Event: 2.131 Thread 0x0000000003265000 DEOPT UNPACKING pc=0x00000000033a747f sp=0x000000000319c810 mode 1


Dynamic libraries:
0x00007ff7714d0000 - 0x00007ff771507000 	C:\Program Files\Java\jre1.8.0_151\bin\javaw.exe
0x00007ff8d5710000 - 0x00007ff8d58f1000 	C:\WINDOWS\SYSTEM32\ntdll.dll
0x00007ff8d5180000 - 0x00007ff8d5232000 	C:\WINDOWS\System32\KERNEL32.dll
0x00007ff8c9980000 - 0x00007ff8c9ad0000 	C:\Windows\system32\hmpalert.dll
0x00007ff8d1ae0000 - 0x00007ff8d1d53000 	C:\WINDOWS\System32\KERNELBASE.dll
0x00007ff8d3360000 - 0x00007ff8d3401000 	C:\WINDOWS\System32\ADVAPI32.dll
0x00007ff8d5260000 - 0x00007ff8d52fe000 	C:\WINDOWS\System32\msvcrt.dll
0x00007ff8d3480000 - 0x00007ff8d34db000 	C:\WINDOWS\System32\sechost.dll
0x00007ff8d5360000 - 0x00007ff8d5484000 	C:\WINDOWS\System32\RPCRT4.dll
0x00007ff8d4da0000 - 0x00007ff8d4f30000 	C:\WINDOWS\System32\USER32.dll
0x00007ff8d2b80000 - 0x00007ff8d2ba0000 	C:\WINDOWS\System32\win32u.dll
0x00007ff8d56b0000 - 0x00007ff8d56d8000 	C:\WINDOWS\System32\GDI32.dll
0x00007ff8d26c0000 - 0x00007ff8d2852000 	C:\WINDOWS\System32\gdi32full.dll
0x00007ff8d2960000 - 0x00007ff8d29ff000 	C:\WINDOWS\System32\msvcp_win.dll
0x00007ff8d2860000 - 0x00007ff8d295a000 	C:\WINDOWS\System32\ucrtbase.dll
0x00007ff8c29b0000 - 0x00007ff8c2c19000 	C:\WINDOWS\WinSxS\amd64_microsoft.windows.common-controls_6595b64144ccf1df_6.0.17134.523_none_fb409dd930672a56\COMCTL32.dll
0x00007ff8d35c0000 - 0x00007ff8d38e2000 	C:\WINDOWS\System32\combase.dll
0x00007ff8d2b00000 - 0x00007ff8d2b7a000 	C:\WINDOWS\System32\bcryptPrimitives.dll
0x00007ff8d3590000 - 0x00007ff8d35bd000 	C:\WINDOWS\System32\IMM32.DLL
0x00000000522d0000 - 0x0000000052309000 	C:\PROGRA~2\Sophos\SOPHOS~1\SOPHOS~2.DLL
0x00007ff8d3470000 - 0x00007ff8d3478000 	C:\WINDOWS\System32\PSAPI.DLL
0x0000000050330000 - 0x0000000050402000 	C:\Program Files\Java\jre1.8.0_151\bin\msvcr100.dll
0x00000000504d0000 - 0x0000000050d6d000 	C:\Program Files\Java\jre1.8.0_151\bin\server\jvm.dll
0x00007ff8cfa30000 - 0x00007ff8cfa53000 	C:\WINDOWS\SYSTEM32\WINMM.dll
0x00007ff8cbb50000 - 0x00007ff8cbb59000 	C:\WINDOWS\SYSTEM32\WSOCK32.dll
0x00007ff8ccb00000 - 0x00007ff8ccb0a000 	C:\WINDOWS\SYSTEM32\VERSION.dll
0x00007ff8d38f0000 - 0x00007ff8d395c000 	C:\WINDOWS\System32\WS2_32.dll
0x00007ff8cfa00000 - 0x00007ff8cfa2a000 	C:\WINDOWS\SYSTEM32\winmmbase.dll
0x00007ff8d2a00000 - 0x00007ff8d2a49000 	C:\WINDOWS\System32\cfgmgr32.dll
0x0000000051120000 - 0x000000005112f000 	C:\Program Files\Java\jre1.8.0_151\bin\verify.dll
0x00000000504a0000 - 0x00000000504c9000 	C:\Program Files\Java\jre1.8.0_151\bin\java.dll
0x00000000502f0000 - 0x0000000050325000 	C:\Program Files\Java\jre1.8.0_151\bin\jdwp.dll
0x00000000502e0000 - 0x00000000502e8000 	C:\Program Files\Java\jre1.8.0_151\bin\npt.dll
0x0000000051100000 - 0x0000000051116000 	C:\Program Files\Java\jre1.8.0_151\bin\zip.dll
0x00007ff8d3960000 - 0x00007ff8d4da0000 	C:\WINDOWS\System32\SHELL32.dll
0x00007ff8d34e0000 - 0x00007ff8d3589000 	C:\WINDOWS\System32\shcore.dll
0x00007ff8d1d60000 - 0x00007ff8d246d000 	C:\WINDOWS\System32\windows.storage.dll
0x00007ff8d3410000 - 0x00007ff8d3461000 	C:\WINDOWS\System32\shlwapi.dll
0x00007ff8d1ab0000 - 0x00007ff8d1ac1000 	C:\WINDOWS\System32\kernel.appcore.dll
0x00007ff8d1a70000 - 0x00007ff8d1a8f000 	C:\WINDOWS\System32\profapi.dll
0x00007ff8d1a20000 - 0x00007ff8d1a6c000 	C:\WINDOWS\System32\powrprof.dll
0x00007ff8d1ad0000 - 0x00007ff8d1ada000 	C:\WINDOWS\System32\FLTLIB.DLL
0x00000000502d0000 - 0x00000000502d9000 	C:\Program Files\Java\jre1.8.0_151\bin\dt_socket.dll
0x00007ff8c6270000 - 0x00007ff8c6286000 	C:\WINDOWS\system32\napinsp.dll
0x00007ff8c6250000 - 0x00007ff8c626a000 	C:\WINDOWS\system32\pnrpnsp.dll
0x00007ff8ce240000 - 0x00007ff8ce259000 	C:\WINDOWS\system32\NLAapi.dll
0x00007ff8d1250000 - 0x00007ff8d12b6000 	C:\WINDOWS\System32\mswsock.dll
0x00007ff8d1020000 - 0x00007ff8d10de000 	C:\WINDOWS\SYSTEM32\DNSAPI.dll
0x00007ff8d5580000 - 0x00007ff8d5588000 	C:\WINDOWS\System32\NSI.dll
0x00007ff8d0fe0000 - 0x00007ff8d1018000 	C:\WINDOWS\SYSTEM32\IPHLPAPI.DLL
0x00007ff8c6240000 - 0x00007ff8c624e000 	C:\WINDOWS\System32\winrnr.dll
0x00007ff8cdda0000 - 0x00007ff8cde12000 	C:\WINDOWS\System32\fwpuclnt.dll
0x00007ff8d1750000 - 0x00007ff8d1775000 	C:\WINDOWS\SYSTEM32\bcrypt.dll
0x00007ff8cb920000 - 0x00007ff8cb92a000 	C:\Windows\System32\rasadhlp.dll
0x0000000050480000 - 0x000000005049a000 	C:\Program Files\Java\jre1.8.0_151\bin\net.dll
0x00007ff8d17a0000 - 0x00007ff8d17b7000 	C:\WINDOWS\SYSTEM32\CRYPTSP.dll
0x00007ff8d0e40000 - 0x00007ff8d0e73000 	C:\WINDOWS\system32\rsaenh.dll
0x00007ff8d1920000 - 0x00007ff8d1948000 	C:\WINDOWS\SYSTEM32\USERENV.dll
0x00007ff8d13b0000 - 0x00007ff8d13bb000 	C:\WINDOWS\SYSTEM32\CRYPTBASE.dll
0x00007ff8cd900000 - 0x00007ff8cd916000 	C:\WINDOWS\SYSTEM32\dhcpcsvc6.DLL
0x00007ff8cd750000 - 0x00007ff8cd76a000 	C:\WINDOWS\SYSTEM32\dhcpcsvc.DLL
0x0000000050460000 - 0x0000000050471000 	C:\Program Files\Java\jre1.8.0_151\bin\nio.dll
0x0000000050430000 - 0x0000000050454000 	C:\Program Files\Java\jre1.8.0_151\bin\sunec.dll

VM Arguments:
jvm_args: -agentlib:jdwp=transport=dt_socket,suspend=y,address=localhost:57516 -ea -Dfile.encoding=Cp1252 
java_command: org.testng.remote.RemoteTestNG -serport 57515 -d D:\Eclipse\Rajat_20092018\BPOAutomation\test-output C:\Users\RAJAT~1.GAR\AppData\Local\Temp\testng-eclipse-666237388\testng-customsuite.xml
java_class_path (initial): /D:/Selenium/eclipse-jee-juno-SR2-win32-x86_64 (1)/eclipse/plugins/org.testng.eclipse_6.8.6.20141201_2240/lib/testng.jar;D:\Eclipse\Rajat_20092018\BPOAutomation\target\test-classes;D:\Eclipse\Rajat_20092018\BPOAutomation\target\classes;C:\Users\Rajat.Garg\.m2\repository\org\seleniumhq\selenium\selenium-java\3.5.3\selenium-java-3.5.3.jar;C:\Users\Rajat.Garg\.m2\repository\org\seleniumhq\selenium\selenium-api\3.5.3\selenium-api-3.5.3.jar;C:\Users\Rajat.Garg\.m2\repository\org\seleniumhq\selenium\selenium-chrome-driver\3.5.3\selenium-chrome-driver-3.5.3.jar;C:\Users\Rajat.Garg\.m2\repository\org\seleniumhq\selenium\selenium-edge-driver\3.5.3\selenium-edge-driver-3.5.3.jar;C:\Users\Rajat.Garg\.m2\repository\org\seleniumhq\selenium\selenium-firefox-driver\3.5.3\selenium-firefox-driver-3.5.3.jar;C:\Users\Rajat.Garg\.m2\repository\org\seleniumhq\selenium\selenium-ie-driver\3.5.3\selenium-ie-driver-3.5.3.jar;C:\Users\Rajat.Garg\.m2\repository\org\seleniumhq\selenium\selenium-opera-driver\3.5.3\selenium-opera-driver-3.5.3.jar;C:\Users\Rajat.Garg\.m2\repository\org\seleniumhq\selenium\selenium-remote-driver\3.5.3\selenium-remote-driver-3.5.3.jar;C:\Users\Rajat.Garg\.m2\repository\org\seleniumhq\selenium\selenium-safari-driver\3.5.3\selenium-safari-driver-3.5.3.jar;C:\Users\Rajat.Garg\.m2\repository\org\seleniumhq\selenium\selenium-support\3.5.3\selenium-support-3.5.3.jar;C:\Users\Rajat.Garg\.m2\repository\cglib\cglib-nodep\3.2.4\cglib-nodep-3.2.4.jar;C:\Users\Rajat.Garg\.m2\repository\org\apache\commons\commons-exec\1.3\commons-exec-1.3.jar;C:\Users\Rajat.Garg\.m2\repository\org\apache\commons\commons-lang3\3.5\commons-lang3-3.5.jar;C:\Users\Rajat.Garg\.m2\repository\commons-codec\commons-codec\1.10\commons-codec-1.10.jar;C:\Users\Rajat.Garg\.m2\repository\commons-io\commons-io\2.5\commons-io-2.5.jar;C:\Users\Rajat.Garg\.m2\repository\commons-logging\commons-logging\1.2\commons-logging-1.2.jar;C:\Users\Rajat.Garg\.m2\repository\org\w3c\css\sac\1.3
Launcher Type: SUN_STANDARD

Environment Variables:
JAVA_HOME=C:\Program Files (x86)\Java\jdk1.7.0_55
JRE_HOME=C:\Program Files (x86)\Java\jdk1.7.0_55\jre
PATH=C:/Program Files/Java/jre1.8.0_151/bin/server;C:/Program Files/Java/jre1.8.0_151/bin;C:/Program Files/Java/jre1.8.0_151/lib/amd64;C:\Program Files (x86)\AMD APP\bin\x86_64;C:\Program Files (x86)\AMD APP\bin\x86;C:\ProgramData\Oracle\Java\javapath;C:\WINDOWS\system32;C:\WINDOWS;C:\WINDOWS\System32\Wbem;C:\WINDOWS\System32\WindowsPowerShell\v1.0\;C:\Program Files (x86)\Microsoft SQL Server\110\Tools\Binn\;C:\Program Files\Microsoft SQL Server\110\Tools\Binn\;C:\Program Files\Microsoft SQL Server\110\DTS\Binn\;C:\Program Files (x86)\Microsoft SQL Server\110\Tools\Binn\ManagementStudio\;C:\Program Files (x86)\Microsoft SQL Server\110\DTS\Binn\;C:\Program Files\Microsoft SQL Server\120\Tools\Binn\;C:\Program Files (x86)\Windows Kits\10\Windows Performance Toolkit\;C:\Program Files (x86)\nodejs;\C:\Program Files (x86)\Java\jdk1.7.0_55\bin;C:\Program Files (x86)\Java\jdk1.7.0_55\jre\bin;C:\Program Files (x86)\ATI Technologies\ATI.ACE\Core-Static;C:\Program Files\dotnet\;C:\Program Files\Microsoft SQL Server\130\Tools\Binn\;C:\Program Files (x86)\Microsoft SQL Server\Client SDK\ODBC\130\Tools\Binn\;C:\Program Files (x86)\Microsoft SQL Server\130\Tools\Binn\;C:\Program Files (x86)\Microsoft SQL Server\130\DTS\Binn\;C:\Program Files (x86)\Microsoft SQL Server\130\Tools\Binn\ManagementStudio\;C:\WINDOWS\System32\OpenSSH\;C:\Program Files\Git\cmd;C:\Users\Rajat.Garg\AppData\Local\Microsoft\WindowsApps;;D:\Selenium\eclipse-jee-juno-SR2-win32-x86_64 (1)\eclipse;
USERNAME=rajat.garg
OS=Windows_NT
PROCESSOR_IDENTIFIER=Intel64 Family 6 Model 30 Stepping 5, GenuineIntel



---------------  S Y S T E M  ---------------

OS: Windows 10.0 , 64 bit Build 17134 (10.0.17134.1)

CPU:total 4 (initial active 4) (4 cores per cpu, 1 threads per core) family 6 model 30 stepping 5, cmov, cx8, fxsr, mmx, sse, sse2, sse3, ssse3, sse4.1, sse4.2, popcnt, tsc, tscinvbit

Memory: 4k page, physical 8378800k(2391108k free), swap 10475952k(5328k free)

vm_info: Java HotSpot(TM) 64-Bit Server VM (25.151-b12) for windows-amd64 JRE (1.8.0_151-b12), built on Sep  5 2017 19:33:46 by "java_re" with MS VC++ 10.0 (VS2010)

time: Mon Aug 05 17:12:25 2019
elapsed time: 2 seconds (0d 0h 0m 2s)

